<?xml version="1.0" encoding="UTF-8"?>
<!-- Generated by org.testng.reporters.JUnitXMLReporter -->
<testsuite ignored="26" hostname="UNVII" failures="0" tests="1" name="Verify user already buy a subscription or not" time="183.109" errors="0" timestamp="2025-07-04T10:38:03 IST">
  <testcase classname="Chull.TestCase" name="@BeforeMethod setup" time="183.063">
    <failure type="org.openqa.selenium.TimeoutException" message="java.util.concurrent.TimeoutException
Build info: version: &amp;apos;4.33.0&amp;apos;, revision: &amp;apos;2c6aaad03a&amp;apos;
System info: os.name: &amp;apos;Windows 11&amp;apos;, os.arch: &amp;apos;amd64&amp;apos;, os.version: &amp;apos;10.0&amp;apos;, java.version: &amp;apos;22.0.2&amp;apos;
Driver info: org.openqa.selenium.chrome.ChromeDriver
Command: [f58ceef749308c5693e4aed30ebb6b79, get {url=https://chull.tv/}]
Capabilities {acceptInsecureCerts: false, browserName: chrome, browserVersion: 138.0.7204.96, chrome: {chromedriverVersion: 138.0.7204.92 (f079b9bc781e..., userDataDir: C:\Users\Yash\AppData\Local...}, fedcm:accounts: true, goog:chromeOptions: {debuggerAddress: localhost:61839}, networkConnectionEnabled: false, pageLoadStrategy: normal, platformName: windows, proxy: Proxy(), se:cdp: ws://localhost:61839/devtoo..., se:cdpVersion: 138.0.7204.96, setWindowRect: true, strictFileInteractability: false, timeouts: {implicit: 0, pageLoad: 300000, script: 30000}, unhandledPromptBehavior: dismiss and notify, webauthn:extension:credBlob: true, webauthn:extension:largeBlob: true, webauthn:extension:minPinLength: true, webauthn:extension:prf: true, webauthn:virtualAuthenticators: true}
Session ID: f58ceef749308c5693e4aed30ebb6b79">
      <![CDATA[org.openqa.selenium.TimeoutException: java.util.concurrent.TimeoutException
Build info: version: '4.33.0', revision: '2c6aaad03a'
System info: os.name: 'Windows 11', os.arch: 'amd64', os.version: '10.0', java.version: '22.0.2'
Driver info: org.openqa.selenium.chrome.ChromeDriver
Command: [f58ceef749308c5693e4aed30ebb6b79, get {url=https://chull.tv/}]
Capabilities {acceptInsecureCerts: false, browserName: chrome, browserVersion: 138.0.7204.96, chrome: {chromedriverVersion: 138.0.7204.92 (f079b9bc781e..., userDataDir: C:\Users\Yash\AppData\Local...}, fedcm:accounts: true, goog:chromeOptions: {debuggerAddress: localhost:61839}, networkConnectionEnabled: false, pageLoadStrategy: normal, platformName: windows, proxy: Proxy(), se:cdp: ws://localhost:61839/devtoo..., se:cdpVersion: 138.0.7204.96, setWindowRect: true, strictFileInteractability: false, timeouts: {implicit: 0, pageLoad: 300000, script: 30000}, unhandledPromptBehavior: dismiss and notify, webauthn:extension:credBlob: true, webauthn:extension:largeBlob: true, webauthn:extension:minPinLength: true, webauthn:extension:prf: true, webauthn:virtualAuthenticators: true}
Session ID: f58ceef749308c5693e4aed30ebb6b79
at org.openqa.selenium.remote.http.jdk.JdkHttpClient.execute(JdkHttpClient.java:427)
at org.openqa.selenium.remote.HttpCommandExecutor.execute(HttpCommandExecutor.java:212)
at org.openqa.selenium.remote.service.DriverCommandExecutor.invokeExecute(DriverCommandExecutor.java:216)
at org.openqa.selenium.remote.service.DriverCommandExecutor.execute(DriverCommandExecutor.java:174)
at org.openqa.selenium.remote.RemoteWebDriver.execute(RemoteWebDriver.java:544)
at org.openqa.selenium.remote.RemoteWebDriver.get(RemoteWebDriver.java:312)
at Chull.TestCase.setup(TestCase.java:30)
at java.base/java.util.concurrent.ThreadPoolExecutor.runWorker(ThreadPoolExecutor.java:1144)
at java.base/java.util.concurrent.ThreadPoolExecutor$Worker.run(ThreadPoolExecutor.java:642)
at java.base/java.lang.Thread.run(Thread.java:1570)
Caused by: java.util.concurrent.TimeoutException
at java.base/java.util.concurrent.CompletableFuture$Timeout.run(CompletableFuture.java:2920)
at java.base/java.util.concurrent.Executors$RunnableAdapter.call(Executors.java:572)
at java.base/java.util.concurrent.FutureTask.run(FutureTask.java:317)
at java.base/java.util.concurrent.ScheduledThreadPoolExecutor$ScheduledFutureTask.run(ScheduledThreadPoolExecutor.java:304)
... 3 more
... Removed 14 stack frames]]>
    </failure>
  </testcase> <!-- @BeforeMethod setup -->
  <testcase classname="Chull.TestCase" name="@AfterMethod teardown" time="-1.751605683573E9">
    <skipped/>
  </testcase> <!-- @AfterMethod teardown -->
  <testcase classname="Chull.TestCase" name="checkUserBuySubscription" time="0.0">
    <skipped/>
  </testcase> <!-- checkUserBuySubscription -->
  <testcase classname="Chull.TestCase" name="countTotalVideosWithNames" time="0.0">
    <ignored/>
  </testcase> <!-- countTotalVideosWithNames -->
  <testcase classname="Chull.TestCase" name="footerTermsAndConditionsTest" time="0.0">
    <ignored/>
  </testcase> <!-- footerTermsAndConditionsTest -->
  <testcase classname="Chull.TestCase" name="updateProfileTest" time="0.0">
    <ignored/>
  </testcase> <!-- updateProfileTest -->
  <testcase classname="Chull.TestCase" name="logoutTest" time="0.0">
    <ignored/>
  </testcase> <!-- logoutTest -->
  <testcase classname="Chull.TestCase" name="verifyurl" time="0.0">
    <ignored/>
  </testcase> <!-- verifyurl -->
  <testcase classname="Chull.TestCase" name="buyRentVideoTest" time="0.0">
    <ignored/>
  </testcase> <!-- buyRentVideoTest -->
  <testcase classname="Chull.TestCase" name="watchlist" time="0.0">
    <ignored/>
  </testcase> <!-- watchlist -->
  <testcase classname="Chull.TestCase" name="viewAllTest" time="0.0">
    <ignored/>
  </testcase> <!-- viewAllTest -->
  <testcase classname="Chull.TestCase" name="wrongOtpLoginTest" time="0.0">
    <ignored/>
  </testcase> <!-- wrongOtpLoginTest -->
  <testcase classname="Chull.TestCase" name="Banner_is_visible" time="0.0">
    <ignored/>
  </testcase> <!-- Banner_is_visible -->
  <testcase classname="Chull.TestCase" name="verifyCurrentUrlTest" time="0.0">
    <ignored/>
  </testcase> <!-- verifyCurrentUrlTest -->
  <testcase classname="Chull.TestCase" name="checkTagname" time="0.0">
    <ignored/>
  </testcase> <!-- checkTagname -->
  <testcase classname="Chull.TestCase" name="loginWithMailTest" time="0.0">
    <ignored/>
  </testcase> <!-- loginWithMailTest -->
  <testcase classname="Chull.TestCase" name="verifyPopupIsVisibleuserBuysubscription" time="0.0">
    <ignored/>
  </testcase> <!-- verifyPopupIsVisibleuserBuysubscription -->
  <testcase classname="Chull.TestCase" name="filterButtonClickTest" time="0.0">
    <ignored/>
  </testcase> <!-- filterButtonClickTest -->
  <testcase classname="Chull.TestCase" name="playVideoTest" time="0.0">
    <ignored/>
  </testcase> <!-- playVideoTest -->
  <testcase classname="Chull.TestCase" name="loginWithPhoneNumber" time="0.0">
    <ignored/>
  </testcase> <!-- loginWithPhoneNumber -->
  <testcase classname="Chull.TestCase" name="detailedPageWithoutLoginTest" time="0.0">
    <ignored/>
  </testcase> <!-- detailedPageWithoutLoginTest -->
  <testcase classname="Chull.TestCase" name="searchVideoTest" time="0.0">
    <ignored/>
  </testcase> <!-- searchVideoTest -->
  <testcase classname="Chull.TestCase" name="checkRelatedvideo" time="0.0">
    <ignored/>
  </testcase> <!-- checkRelatedvideo -->
  <testcase classname="Chull.TestCase" name="Extractallthevideoname" time="0.0">
    <ignored/>
  </testcase> <!-- Extractallthevideoname -->
  <testcase classname="Chull.TestCase" name="subscription" time="0.0">
    <ignored/>
  </testcase> <!-- subscription -->
  <testcase classname="Chull.TestCase" name="check_SubscriptionisVisible" time="0.0">
    <ignored/>
  </testcase> <!-- check_SubscriptionisVisible -->
  <testcase classname="Chull.TestCase" name="filterValuesTest" time="0.0">
    <ignored/>
  </testcase> <!-- filterValuesTest -->
  <testcase classname="Chull.TestCase" name="withoutLoginSubscriptionButtonisVisible" time="0.0">
    <ignored/>
  </testcase> <!-- withoutLoginSubscriptionButtonisVisible -->
  <testcase classname="Chull.TestCase" name="playStoreButtonTest" time="0.0">
    <ignored/>
  </testcase> <!-- playStoreButtonTest -->
</testsuite> <!-- Verify user already buy a subscription or not -->
