<!DOCTYPE html PUBLIC "-//W3C//DTD XHTML 1.1//EN" "https://www.w3.org/TR/xhtml11/DTD/xhtml11.dtd">
<html xmlns="https://www.w3.org/1999/xhtml">
<head>
<meta http-equiv="content-type" content="text/html; charset=UTF-8"/>
<title>TestNG Report</title>
<style type="text/css">table {margin-bottom:10px;border-collapse:collapse;empty-cells:show}th,td {border:1px solid #009;padding:.25em .5em}th {vertical-align:bottom}td {vertical-align:top}table a {font-weight:bold}.stripe td {background-color: #E6EBF9}.num {text-align:right}.passedodd td {background-color: #3F3}.passedeven td {background-color: #0A0}.skippedodd td {background-color: #DDD}.skippedeven td {background-color: #CCC}.failedodd td,.attn {background-color: #F33}.failedeven td,.stripe .attn {background-color: #D00}.stacktrace {white-space:pre;font-family:monospace}.totop {font-size:85%;text-align:center;border-bottom:2px solid #000}.invisible {display:none}</style>
</head>
<body>
<table>
<tr><th>Test</th><th># Passed</th><th># Skipped</th><th># Retried</th><th># Failed</th><th>Time (ms)</th><th>Included Groups</th><th>Excluded Groups</th></tr>
<tr><th colspan="8">Suite</th></tr>
<tr><td><a href="#t0">Login with Phone Number</a></td><td class="num">1</td><td class="num">0</td><td class="num">0</td><td class="num">0</td><td class="num">15,968</td><td></td><td></td></tr>
<tr class="stripe"><td><a href="#t1">Login with wrong otp Number</a></td><td class="num">1</td><td class="num">0</td><td class="num">0</td><td class="num">0</td><td class="num">15,355</td><td></td><td></td></tr>
<tr><td><a href="#t2">Login with Mail Id</a></td><td class="num">1</td><td class="num">0</td><td class="num">0</td><td class="num">0</td><td class="num">6,803</td><td></td><td></td></tr>
<tr class="stripe"><td><a href="#t3">Login with wrong Mail Id</a></td><td class="num">1</td><td class="num">0</td><td class="num">0</td><td class="num">0</td><td class="num">6,848</td><td></td><td></td></tr>
<tr><td><a href="#t4">Login with  Mail Id</a></td><td class="num">1</td><td class="num">0</td><td class="num">0</td><td class="num">0</td><td class="num">8,928</td><td></td><td></td></tr>
<tr class="stripe"><td><a href="#t5">check logout </a></td><td class="num">1</td><td class="num">0</td><td class="num">0</td><td class="num">0</td><td class="num">15,595</td><td></td><td></td></tr>
<tr><td><a href="#t6">check Detail page is open without login </a></td><td class="num">0</td><td class="num">0</td><td class="num">0</td><td class="num attn">1</td><td class="num">13,567</td><td></td><td></td></tr>
<tr class="stripe"><td><a href="#t7">Validate Without login subscription button validate </a></td><td class="num">1</td><td class="num">0</td><td class="num">0</td><td class="num">0</td><td class="num">6,162</td><td></td><td></td></tr>
<tr><td><a href="#t8">Verify the url</a></td><td class="num">1</td><td class="num">0</td><td class="num">0</td><td class="num">0</td><td class="num">3,187</td><td></td><td></td></tr>
<tr class="stripe"><td><a href="#t9">Verify the url of Amuzi</a></td><td class="num">0</td><td class="num">0</td><td class="num">0</td><td class="num attn">1</td><td class="num">4,149</td><td></td><td></td></tr>
<tr><td><a href="#t10">Count Total Number of video in HomePage</a></td><td class="num">1</td><td class="num">0</td><td class="num">0</td><td class="num">0</td><td class="num">19,225</td><td></td><td></td></tr>
<tr class="stripe"><td><a href="#t11">Verify the Tage name match or not</a></td><td class="num">1</td><td class="num">0</td><td class="num">0</td><td class="num">0</td><td class="num">4,229</td><td></td><td></td></tr>
<tr><td><a href="#t12">Verify Banner is visible proper</a></td><td class="num">1</td><td class="num">0</td><td class="num">0</td><td class="num">0</td><td class="num">18,723</td><td></td><td></td></tr>
<tr class="stripe"><td><a href="#t13">Verify Filter Button is working properly or not</a></td><td class="num">0</td><td class="num">0</td><td class="num">0</td><td class="num attn">1</td><td class="num">4,647</td><td></td><td></td></tr>
<tr><td><a href="#t14">Check Language Button filter out the videos</a></td><td class="num">1</td><td class="num">0</td><td class="num">0</td><td class="num">0</td><td class="num">24,747</td><td></td><td></td></tr>
<tr><th>Total</th><th class="num">12</th><th class="num">0</th><th class="num">0</th><th class="num attn">3</th><th class="num">168,133</th><th colspan="2"></th></tr>
</table>
<table id='summary'><thead><tr><th>Class</th><th>Method</th><th>Start</th><th>Time (ms)</th></tr></thead><tbody><tr><th colspan="4">Suite</th></tr></tbody><tbody id="t0"><tr><th colspan="4">Login with Phone Number &#8212; passed</th></tr><tr class="passedeven"><td rowspan="1">Amuzi.LoginTestCase</td><td><a href="#m0">loginWithPhoneNumber</a></td><td rowspan="1">1754914308862</td><td rowspan="1">9565</td></tr></tbody>
<tbody id="t1"><tr><th colspan="4">Login with wrong otp Number &#8212; passed</th></tr><tr class="passedeven"><td rowspan="1">Amuzi.LoginTestCase</td><td><a href="#m1">wrongOtpLoginTest</a></td><td rowspan="1">1754914325959</td><td rowspan="1">7880</td></tr></tbody>
<tbody id="t2"><tr><th colspan="4">Login with Mail Id &#8212; passed</th></tr><tr class="passedeven"><td rowspan="1">Amuzi.LoginTestCase</td><td><a href="#m2">loginWithwrongMailTest</a></td><td rowspan="1">1754914336972</td><td rowspan="1">3785</td></tr></tbody>
<tbody id="t3"><tr><th colspan="4">Login with wrong Mail Id &#8212; passed</th></tr><tr class="passedeven"><td rowspan="1">Amuzi.LoginTestCase</td><td><a href="#m3">loginWithwrongMailTest</a></td><td rowspan="1">1754914343976</td><td rowspan="1">3610</td></tr></tbody>
<tbody id="t4"><tr><th colspan="4">Login with  Mail Id &#8212; passed</th></tr><tr class="passedeven"><td rowspan="1">Amuzi.LoginTestCase</td><td><a href="#m4">loginWithMailTest</a></td><td rowspan="1">1754914350827</td><td rowspan="1">5686</td></tr></tbody>
<tbody id="t5"><tr><th colspan="4">check logout  &#8212; passed</th></tr><tr class="passedeven"><td rowspan="1">Amuzi.LoginTestCase</td><td><a href="#m5">logoutTest</a></td><td rowspan="1">1754914360673</td><td rowspan="1">11349</td></tr></tbody>
<tbody id="t6"><tr><th colspan="4">check Detail page is open without login  &#8212; failed</th></tr><tr class="failedeven"><td rowspan="1">Amuzi.LoginTestCase</td><td><a href="#m6">detailedPageWithoutLoginTest</a></td><td rowspan="1">1754914375641</td><td rowspan="1">10040</td></tr></tbody>
<tbody id="t7"><tr><th colspan="4">Validate Without login subscription button validate  &#8212; passed</th></tr><tr class="passedeven"><td rowspan="1">Amuzi.LoginTestCase</td><td><a href="#m7">withoutLoginSubscriptionButtonisVisible</a></td><td rowspan="1">1754914391212</td><td rowspan="1">718</td></tr></tbody>
<tbody id="t8"><tr><th colspan="4">Verify the url &#8212; passed</th></tr><tr class="passedeven"><td rowspan="1">Amuzi.CommonTestCase</td><td><a href="#m8">verifyCurrentUrlTest</a></td><td rowspan="1">1754914395078</td><td rowspan="1">29</td></tr></tbody>
<tbody id="t9"><tr><th colspan="4">Verify the url of Amuzi &#8212; failed</th></tr><tr class="failedeven"><td rowspan="1">Amuzi.CommonTestCase</td><td><a href="#m9">verifyurl</a></td><td rowspan="1">1754914399229</td><td rowspan="1">30</td></tr></tbody>
<tbody id="t10"><tr><th colspan="4">Count Total Number of video in HomePage &#8212; passed</th></tr><tr class="passedeven"><td rowspan="1">Amuzi.CommonTestCase</td><td><a href="#m10">countTotalVideosWithNames</a></td><td rowspan="1">1754914408344</td><td rowspan="1">10054</td></tr></tbody>
<tbody id="t11"><tr><th colspan="4">Verify the Tage name match or not &#8212; passed</th></tr><tr class="passedeven"><td rowspan="1">Amuzi.CommonTestCase</td><td><a href="#m11">checkTagname</a></td><td rowspan="1">1754914422707</td><td rowspan="1">22</td></tr></tbody>
<tbody id="t12"><tr><th colspan="4">Verify Banner is visible proper &#8212; passed</th></tr><tr class="passedeven"><td rowspan="1">Amuzi.CommonTestCase</td><td><a href="#m12">Banner_is_visible</a></td><td rowspan="1">1754914429955</td><td rowspan="1">11446</td></tr></tbody>
<tbody id="t13"><tr><th colspan="4">Verify Filter Button is working properly or not &#8212; failed</th></tr><tr class="failedeven"><td rowspan="1">Amuzi.CommonTestCase</td><td><a href="#m13">filterButtonClickTest</a></td><td rowspan="1">1754914446110</td><td rowspan="1">13</td></tr></tbody>
<tbody id="t14"><tr><th colspan="4">Check Language Button filter out the videos &#8212; passed</th></tr><tr class="passedeven"><td rowspan="1">Amuzi.CommonTestCase</td><td><a href="#m14">LanguageButton</a></td><td rowspan="1">1754914449321</td><td rowspan="1">21491</td></tr></tbody>
</table>
<h2>Login with Phone Number</h2><h3 id="m0">Amuzi.LoginTestCase#loginWithPhoneNumber</h3><table class="result"><tr><th class="invisible"/></tr></table><p class="totop"><a href="#summary">back to summary</a></p>
<h2>Login with wrong otp Number</h2><h3 id="m1">Amuzi.LoginTestCase#wrongOtpLoginTest</h3><table class="result"><tr><th class="invisible"/></tr></table><p class="totop"><a href="#summary">back to summary</a></p>
<h2>Login with Mail Id</h2><h3 id="m2">Amuzi.LoginTestCase#loginWithwrongMailTest</h3><table class="result"><tr><th class="invisible"/></tr></table><p class="totop"><a href="#summary">back to summary</a></p>
<h2>Login with wrong Mail Id</h2><h3 id="m3">Amuzi.LoginTestCase#loginWithwrongMailTest</h3><table class="result"><tr><th class="invisible"/></tr></table><p class="totop"><a href="#summary">back to summary</a></p>
<h2>Login with  Mail Id</h2><h3 id="m4">Amuzi.LoginTestCase#loginWithMailTest</h3><table class="result"><tr><th class="invisible"/></tr></table><p class="totop"><a href="#summary">back to summary</a></p>
<h2>check logout </h2><h3 id="m5">Amuzi.LoginTestCase#logoutTest</h3><table class="result"><tr><th class="invisible"/></tr></table><p class="totop"><a href="#summary">back to summary</a></p>
<h2>check Detail page is open without login </h2><h3 id="m6">Amuzi.LoginTestCase#detailedPageWithoutLoginTest</h3><table class="result"><tr><th>Exception</th></tr><tr><td><div class="stacktrace">org.openqa.selenium.NoSuchElementException: no such element: Unable to locate element: {&quot;method&quot;:&quot;xpath&quot;,&quot;selector&quot;:&quot;//a[@href=&apos;/Devotional/16&apos;]&quot;}
  (Session info: chrome=138.0.7204.169)
For documentation on this error, please visit: https://www.selenium.dev/documentation/webdriver/troubleshooting/errors#no-such-element-exception
Build info: version: &apos;4.33.0&apos;, revision: &apos;2c6aaad03a&apos;
System info: os.name: &apos;Windows 11&apos;, os.arch: &apos;amd64&apos;, os.version: &apos;10.0&apos;, java.version: &apos;23.0.1&apos;
Driver info: org.openqa.selenium.chrome.ChromeDriver
Command: [5905d9f036e1201dd9b5682a176092f5, findElement {value=//a[@href=&apos;/Devotional/16&apos;], using=xpath}]
Capabilities {acceptInsecureCerts: false, browserName: chrome, browserVersion: 138.0.7204.169, chrome: {chromedriverVersion: 138.0.7204.183 (e90faf484dd..., userDataDir: C:\Users\Yash\AppData\Local...}, fedcm:accounts: true, goog:chromeOptions: {debuggerAddress: localhost:57373}, networkConnectionEnabled: false, pageLoadStrategy: normal, platformName: windows, proxy: Proxy(), se:cdp: ws://localhost:57373/devtoo..., se:cdpVersion: 138.0.7204.169, setWindowRect: true, strictFileInteractability: false, timeouts: {implicit: 0, pageLoad: 300000, script: 30000}, unhandledPromptBehavior: dismiss and notify, webauthn:extension:credBlob: true, webauthn:extension:largeBlob: true, webauthn:extension:minPinLength: true, webauthn:extension:prf: true, webauthn:virtualAuthenticators: true}
Session ID: 5905d9f036e1201dd9b5682a176092f5
	at org.openqa.selenium.remote.ErrorCodec.decode(ErrorCodec.java:167)
	at org.openqa.selenium.remote.codec.w3c.W3CHttpResponseCodec.decode(W3CHttpResponseCodec.java:138)
	at org.openqa.selenium.remote.codec.w3c.W3CHttpResponseCodec.decode(W3CHttpResponseCodec.java:50)
	at org.openqa.selenium.remote.HttpCommandExecutor.execute(HttpCommandExecutor.java:215)
	at org.openqa.selenium.remote.service.DriverCommandExecutor.invokeExecute(DriverCommandExecutor.java:216)
	at org.openqa.selenium.remote.service.DriverCommandExecutor.execute(DriverCommandExecutor.java:174)
	at org.openqa.selenium.remote.RemoteWebDriver.execute(RemoteWebDriver.java:544)
	at org.openqa.selenium.remote.ElementLocation$ElementFinder$2.findElement(ElementLocation.java:165)
	at org.openqa.selenium.remote.ElementLocation.findElement(ElementLocation.java:59)
	at org.openqa.selenium.remote.RemoteWebDriver.findElement(RemoteWebDriver.java:367)
	at org.openqa.selenium.remote.RemoteWebDriver.findElement(RemoteWebDriver.java:361)
	at Amuzi.LoginTestCase.detailedPageWithoutLoginTest(LoginTestCase.java:134)
	at java.base/java.util.concurrent.Executors$RunnableAdapter.call(Executors.java:572)
	at java.base/java.util.concurrent.FutureTask.run(FutureTask.java:317)
	at java.base/java.util.concurrent.ThreadPoolExecutor.runWorker(ThreadPoolExecutor.java:1144)
	at java.base/java.util.concurrent.ThreadPoolExecutor$Worker.run(ThreadPoolExecutor.java:642)
	at java.base/java.lang.Thread.run(Thread.java:1575)
... Removed 14 stack frames</div></td></tr></table><p class="totop"><a href="#summary">back to summary</a></p>
<h2>Validate Without login subscription button validate </h2><h3 id="m7">Amuzi.LoginTestCase#withoutLoginSubscriptionButtonisVisible</h3><table class="result"><tr><th class="invisible"/></tr></table><p class="totop"><a href="#summary">back to summary</a></p>
<h2>Verify the url</h2><h3 id="m8">Amuzi.CommonTestCase#verifyCurrentUrlTest</h3><table class="result"><tr><th class="invisible"/></tr></table><p class="totop"><a href="#summary">back to summary</a></p>
<h2>Verify the url of Amuzi</h2><h3 id="m9">Amuzi.CommonTestCase#verifyurl</h3><table class="result"><tr><th>Exception</th></tr><tr><td><div class="stacktrace">java.lang.AssertionError: Passed expected [https://chull.tv/] but found [https://amuzi.in/]
	at Amuzi.CommonTestCase.verifyurl(CommonTestCase.java:38)
	at java.base/java.util.concurrent.Executors$RunnableAdapter.call(Executors.java:572)
	at java.base/java.util.concurrent.FutureTask.run(FutureTask.java:317)
	at java.base/java.util.concurrent.ThreadPoolExecutor.runWorker(ThreadPoolExecutor.java:1144)
	at java.base/java.util.concurrent.ThreadPoolExecutor$Worker.run(ThreadPoolExecutor.java:642)
	at java.base/java.lang.Thread.run(Thread.java:1575)
... Removed 16 stack frames</div></td></tr></table><p class="totop"><a href="#summary">back to summary</a></p>
<h2>Count Total Number of video in HomePage</h2><h3 id="m10">Amuzi.CommonTestCase#countTotalVideosWithNames</h3><table class="result"><tr><th class="invisible"/></tr></table><p class="totop"><a href="#summary">back to summary</a></p>
<h2>Verify the Tage name match or not</h2><h3 id="m11">Amuzi.CommonTestCase#checkTagname</h3><table class="result"><tr><th class="invisible"/></tr></table><p class="totop"><a href="#summary">back to summary</a></p>
<h2>Verify Banner is visible proper</h2><h3 id="m12">Amuzi.CommonTestCase#Banner_is_visible</h3><table class="result"><tr><th class="invisible"/></tr></table><p class="totop"><a href="#summary">back to summary</a></p>
<h2>Verify Filter Button is working properly or not</h2><h3 id="m13">Amuzi.CommonTestCase#filterButtonClickTest</h3><table class="result"><tr><th>Exception</th></tr><tr><td><div class="stacktrace">org.openqa.selenium.JavascriptException: javascript error: Cannot read properties of null (reading &apos;scrollBy&apos;)
  (Session info: chrome=138.0.7204.169)
Build info: version: &apos;4.33.0&apos;, revision: &apos;2c6aaad03a&apos;
System info: os.name: &apos;Windows 11&apos;, os.arch: &apos;amd64&apos;, os.version: &apos;10.0&apos;, java.version: &apos;23.0.1&apos;
Driver info: org.openqa.selenium.chrome.ChromeDriver
Command: [5e099233d335623b4e38d6840e3bed04, executeScript {script=document.querySelector(&apos;.dropdown-menu&apos;).scrollBy(0,100), args=[]}]
Capabilities {acceptInsecureCerts: false, browserName: chrome, browserVersion: 138.0.7204.169, chrome: {chromedriverVersion: 138.0.7204.183 (e90faf484dd..., userDataDir: C:\Users\Yash\AppData\Local...}, fedcm:accounts: true, goog:chromeOptions: {debuggerAddress: localhost:57700}, networkConnectionEnabled: false, pageLoadStrategy: normal, platformName: windows, proxy: Proxy(), se:cdp: ws://localhost:57700/devtoo..., se:cdpVersion: 138.0.7204.169, setWindowRect: true, strictFileInteractability: false, timeouts: {implicit: 0, pageLoad: 300000, script: 30000}, unhandledPromptBehavior: dismiss and notify, webauthn:extension:credBlob: true, webauthn:extension:largeBlob: true, webauthn:extension:minPinLength: true, webauthn:extension:prf: true, webauthn:virtualAuthenticators: true}
Session ID: 5e099233d335623b4e38d6840e3bed04
	at org.openqa.selenium.remote.ErrorCodec.decode(ErrorCodec.java:167)
	at org.openqa.selenium.remote.codec.w3c.W3CHttpResponseCodec.decode(W3CHttpResponseCodec.java:138)
	at org.openqa.selenium.remote.codec.w3c.W3CHttpResponseCodec.decode(W3CHttpResponseCodec.java:50)
	at org.openqa.selenium.remote.HttpCommandExecutor.execute(HttpCommandExecutor.java:215)
	at org.openqa.selenium.remote.service.DriverCommandExecutor.invokeExecute(DriverCommandExecutor.java:216)
	at org.openqa.selenium.remote.service.DriverCommandExecutor.execute(DriverCommandExecutor.java:174)
	at org.openqa.selenium.remote.RemoteWebDriver.execute(RemoteWebDriver.java:544)
	at org.openqa.selenium.remote.RemoteWebDriver.executeScript(RemoteWebDriver.java:475)
	at Amuzi.CommonTestCase.filterButtonClickTest(CommonTestCase.java:110)
	at java.base/java.util.concurrent.Executors$RunnableAdapter.call(Executors.java:572)
	at java.base/java.util.concurrent.FutureTask.run(FutureTask.java:317)
	at java.base/java.util.concurrent.ThreadPoolExecutor.runWorker(ThreadPoolExecutor.java:1144)
	at java.base/java.util.concurrent.ThreadPoolExecutor$Worker.run(ThreadPoolExecutor.java:642)
	at java.base/java.lang.Thread.run(Thread.java:1575)
... Removed 14 stack frames</div></td></tr></table><p class="totop"><a href="#summary">back to summary</a></p>
<h2>Check Language Button filter out the videos</h2><h3 id="m14">Amuzi.CommonTestCase#LanguageButton</h3><table class="result"><tr><th class="invisible"/></tr></table><p class="totop"><a href="#summary">back to summary</a></p>
</body>
</html>
