<?xml version="1.0" encoding="UTF-8"?>
<testng-results ignored="409" total="435" passed="20" failed="6" skipped="0">
  <reporter-output>
  </reporter-output>
  <suite started-at="2025-08-12T16:25:11 IST" name="Suite" finished-at="2025-08-12T16:31:17 IST" duration-ms="366397">
    <groups>
    </groups>
    <test started-at="2025-08-12T16:25:11 IST" name="Login with Phone Number" finished-at="2025-08-12T16:25:28 IST" duration-ms="16965">
      <class name="Amuzi.LoginTestCase">
        <test-method is-config="true" signature="setup()[pri:0, instance:Amuzi.LoginTestCase@42a48628]" started-at="2025-08-12T16:25:11 IST" name="setup" finished-at="2025-08-12T16:25:18 IST" duration-ms="7304" status="PASS">
          <reporter-output>
          </reporter-output>
        </test-method> <!-- setup -->
        <test-method signature="loginWithPhoneNumber()[pri:0, instance:Amuzi.LoginTestCase@42a48628]" started-at="2025-08-12T16:25:18 IST" name="loginWithPhoneNumber" finished-at="2025-08-12T16:25:28 IST" duration-ms="9149" status="PASS">
          <reporter-output>
          </reporter-output>
        </test-method> <!-- loginWithPhoneNumber -->
        <test-method is-config="true" signature="teardown()[pri:0, instance:Amuzi.LoginTestCase@42a48628]" started-at="2025-08-12T16:25:28 IST" name="teardown" finished-at="2025-08-12T16:25:28 IST" duration-ms="449" status="PASS">
          <reporter-output>
          </reporter-output>
        </test-method> <!-- teardown -->
      </class> <!-- Amuzi.LoginTestCase -->
    </test> <!-- Login with Phone Number -->
    <test started-at="2025-08-12T16:25:28 IST" name="Login with wrong otp Number" finished-at="2025-08-12T16:25:40 IST" duration-ms="11536">
      <class name="Amuzi.LoginTestCase">
        <test-method is-config="true" signature="setup()[pri:0, instance:Amuzi.LoginTestCase@139982de]" started-at="2025-08-12T16:25:28 IST" name="setup" finished-at="2025-08-12T16:25:32 IST" duration-ms="4303" status="PASS">
          <reporter-output>
          </reporter-output>
        </test-method> <!-- setup -->
        <test-method signature="wrongOtpLoginTest()[pri:0, instance:Amuzi.LoginTestCase@139982de]" started-at="2025-08-12T16:25:32 IST" name="wrongOtpLoginTest" finished-at="2025-08-12T16:25:39 IST" duration-ms="6821" status="PASS">
          <reporter-output>
          </reporter-output>
        </test-method> <!-- wrongOtpLoginTest -->
        <test-method is-config="true" signature="teardown()[pri:0, instance:Amuzi.LoginTestCase@139982de]" started-at="2025-08-12T16:25:39 IST" name="teardown" finished-at="2025-08-12T16:25:40 IST" duration-ms="410" status="PASS">
          <reporter-output>
          </reporter-output>
        </test-method> <!-- teardown -->
      </class> <!-- Amuzi.LoginTestCase -->
    </test> <!-- Login with wrong otp Number -->
    <test started-at="2025-08-12T16:25:40 IST" name="Login with Mail Id" finished-at="2025-08-12T16:25:49 IST" duration-ms="9478">
      <class name="Amuzi.LoginTestCase">
        <test-method is-config="true" signature="setup()[pri:0, instance:Amuzi.LoginTestCase@217ed35e]" started-at="2025-08-12T16:25:40 IST" name="setup" finished-at="2025-08-12T16:25:45 IST" duration-ms="5054" status="PASS">
          <reporter-output>
          </reporter-output>
        </test-method> <!-- setup -->
        <test-method signature="loginWithwrongMailTest()[pri:0, instance:Amuzi.LoginTestCase@217ed35e]" started-at="2025-08-12T16:25:45 IST" name="loginWithwrongMailTest" finished-at="2025-08-12T16:25:49 IST" duration-ms="4006" status="PASS">
          <reporter-output>
          </reporter-output>
        </test-method> <!-- loginWithwrongMailTest -->
        <test-method is-config="true" signature="teardown()[pri:0, instance:Amuzi.LoginTestCase@217ed35e]" started-at="2025-08-12T16:25:49 IST" name="teardown" finished-at="2025-08-12T16:25:49 IST" duration-ms="417" status="PASS">
          <reporter-output>
          </reporter-output>
        </test-method> <!-- teardown -->
      </class> <!-- Amuzi.LoginTestCase -->
    </test> <!-- Login with Mail Id -->
    <test started-at="2025-08-12T16:25:49 IST" name="Login with wrong Mail Id" finished-at="2025-08-12T16:26:00 IST" duration-ms="10645">
      <class name="Amuzi.LoginTestCase">
        <test-method is-config="true" signature="setup()[pri:0, instance:Amuzi.LoginTestCase@31190526]" started-at="2025-08-12T16:25:49 IST" name="setup" finished-at="2025-08-12T16:25:56 IST" duration-ms="6771" status="PASS">
          <reporter-output>
          </reporter-output>
        </test-method> <!-- setup -->
        <test-method signature="loginWithwrongMailTest()[pri:0, instance:Amuzi.LoginTestCase@31190526]" started-at="2025-08-12T16:25:56 IST" name="loginWithwrongMailTest" finished-at="2025-08-12T16:25:59 IST" duration-ms="3446" status="PASS">
          <reporter-output>
          </reporter-output>
        </test-method> <!-- loginWithwrongMailTest -->
        <test-method is-config="true" signature="teardown()[pri:0, instance:Amuzi.LoginTestCase@31190526]" started-at="2025-08-12T16:25:59 IST" name="teardown" finished-at="2025-08-12T16:26:00 IST" duration-ms="426" status="PASS">
          <reporter-output>
          </reporter-output>
        </test-method> <!-- teardown -->
      </class> <!-- Amuzi.LoginTestCase -->
    </test> <!-- Login with wrong Mail Id -->
    <test started-at="2025-08-12T16:26:00 IST" name="Login with  Mail Id" finished-at="2025-08-12T16:26:07 IST" duration-ms="7612">
      <class name="Amuzi.LoginTestCase">
        <test-method is-config="true" signature="setup()[pri:0, instance:Amuzi.LoginTestCase@3eb25e1a]" started-at="2025-08-12T16:26:00 IST" name="setup" finished-at="2025-08-12T16:26:03 IST" duration-ms="3073" status="PASS">
          <reporter-output>
          </reporter-output>
        </test-method> <!-- setup -->
        <test-method signature="loginWithMailTest()[pri:0, instance:Amuzi.LoginTestCase@3eb25e1a]" started-at="2025-08-12T16:26:03 IST" name="loginWithMailTest" finished-at="2025-08-12T16:26:07 IST" duration-ms="4110" status="PASS">
          <reporter-output>
          </reporter-output>
        </test-method> <!-- loginWithMailTest -->
        <test-method is-config="true" signature="teardown()[pri:0, instance:Amuzi.LoginTestCase@3eb25e1a]" started-at="2025-08-12T16:26:07 IST" name="teardown" finished-at="2025-08-12T16:26:07 IST" duration-ms="424" status="PASS">
          <reporter-output>
          </reporter-output>
        </test-method> <!-- teardown -->
      </class> <!-- Amuzi.LoginTestCase -->
    </test> <!-- Login with  Mail Id -->
    <test started-at="2025-08-12T16:26:07 IST" name="check logout " finished-at="2025-08-12T16:26:28 IST" duration-ms="20767">
      <class name="Amuzi.LoginTestCase">
        <test-method is-config="true" signature="setup()[pri:0, instance:Amuzi.LoginTestCase@f5958c9]" started-at="2025-08-12T16:26:07 IST" name="setup" finished-at="2025-08-12T16:26:15 IST" duration-ms="7771" status="PASS">
          <reporter-output>
          </reporter-output>
        </test-method> <!-- setup -->
        <test-method signature="logoutTest()[pri:0, instance:Amuzi.LoginTestCase@f5958c9]" started-at="2025-08-12T16:26:15 IST" name="logoutTest" finished-at="2025-08-12T16:26:28 IST" duration-ms="12542" status="PASS">
          <reporter-output>
          </reporter-output>
        </test-method> <!-- logoutTest -->
        <test-method is-config="true" signature="teardown()[pri:0, instance:Amuzi.LoginTestCase@f5958c9]" started-at="2025-08-12T16:26:28 IST" name="teardown" finished-at="2025-08-12T16:26:28 IST" duration-ms="452" status="PASS">
          <reporter-output>
          </reporter-output>
        </test-method> <!-- teardown -->
      </class> <!-- Amuzi.LoginTestCase -->
    </test> <!-- check logout  -->
    <test started-at="2025-08-12T16:26:28 IST" name="check Detail page is open without login " finished-at="2025-08-12T16:26:42 IST" duration-ms="13487">
      <class name="Amuzi.LoginTestCase">
        <test-method is-config="true" signature="setup()[pri:0, instance:Amuzi.LoginTestCase@5bda8e08]" started-at="2025-08-12T16:26:28 IST" name="setup" finished-at="2025-08-12T16:26:31 IST" duration-ms="2948" status="PASS">
          <reporter-output>
          </reporter-output>
        </test-method> <!-- setup -->
        <test-method signature="detailedPageWithoutLoginTest()[pri:0, instance:Amuzi.LoginTestCase@5bda8e08]" started-at="2025-08-12T16:26:31 IST" name="detailedPageWithoutLoginTest" finished-at="2025-08-12T16:26:41 IST" duration-ms="10043" status="FAIL">
          <exception class="org.openqa.selenium.NoSuchElementException">
            <message>
              <![CDATA[no such element: Unable to locate element: {"method":"xpath","selector":"//a[@href='/Devotional/16']"}
  (Session info: chrome=138.0.7204.169)
For documentation on this error, please visit: https://www.selenium.dev/documentation/webdriver/troubleshooting/errors#no-such-element-exception
Build info: version: '4.33.0', revision: '2c6aaad03a'
System info: os.name: 'Windows 11', os.arch: 'amd64', os.version: '10.0', java.version: '23.0.1'
Driver info: org.openqa.selenium.chrome.ChromeDriver
Command: [6be4286e5e3bb400d5e6c82e0a521c55, findElement {using=xpath, value=//a[@href='/Devotional/16']}]
Capabilities {acceptInsecureCerts: false, browserName: chrome, browserVersion: 138.0.7204.169, chrome: {chromedriverVersion: 138.0.7204.183 (e90faf484dd..., userDataDir: C:\Users\Yash\AppData\Local...}, fedcm:accounts: true, goog:chromeOptions: {debuggerAddress: localhost:51421}, networkConnectionEnabled: false, pageLoadStrategy: normal, platformName: windows, proxy: Proxy(), se:cdp: ws://localhost:51421/devtoo..., se:cdpVersion: 138.0.7204.169, setWindowRect: true, strictFileInteractability: false, timeouts: {implicit: 0, pageLoad: 300000, script: 30000}, unhandledPromptBehavior: dismiss and notify, webauthn:extension:credBlob: true, webauthn:extension:largeBlob: true, webauthn:extension:minPinLength: true, webauthn:extension:prf: true, webauthn:virtualAuthenticators: true}
Session ID: 6be4286e5e3bb400d5e6c82e0a521c55]]>
            </message>
            <full-stacktrace>
              <![CDATA[org.openqa.selenium.NoSuchElementException: no such element: Unable to locate element: {"method":"xpath","selector":"//a[@href='/Devotional/16']"}
  (Session info: chrome=138.0.7204.169)
For documentation on this error, please visit: https://www.selenium.dev/documentation/webdriver/troubleshooting/errors#no-such-element-exception
Build info: version: '4.33.0', revision: '2c6aaad03a'
System info: os.name: 'Windows 11', os.arch: 'amd64', os.version: '10.0', java.version: '23.0.1'
Driver info: org.openqa.selenium.chrome.ChromeDriver
Command: [6be4286e5e3bb400d5e6c82e0a521c55, findElement {using=xpath, value=//a[@href='/Devotional/16']}]
Capabilities {acceptInsecureCerts: false, browserName: chrome, browserVersion: 138.0.7204.169, chrome: {chromedriverVersion: 138.0.7204.183 (e90faf484dd..., userDataDir: C:\Users\Yash\AppData\Local...}, fedcm:accounts: true, goog:chromeOptions: {debuggerAddress: localhost:51421}, networkConnectionEnabled: false, pageLoadStrategy: normal, platformName: windows, proxy: Proxy(), se:cdp: ws://localhost:51421/devtoo..., se:cdpVersion: 138.0.7204.169, setWindowRect: true, strictFileInteractability: false, timeouts: {implicit: 0, pageLoad: 300000, script: 30000}, unhandledPromptBehavior: dismiss and notify, webauthn:extension:credBlob: true, webauthn:extension:largeBlob: true, webauthn:extension:minPinLength: true, webauthn:extension:prf: true, webauthn:virtualAuthenticators: true}
Session ID: 6be4286e5e3bb400d5e6c82e0a521c55
at java.base/jdk.internal.reflect.DirectConstructorHandleAccessor.newInstance(DirectConstructorHandleAccessor.java:62)
at java.base/java.lang.reflect.Constructor.newInstanceWithCaller(Constructor.java:501)
at java.base/java.lang.reflect.Constructor.newInstance(Constructor.java:485)
at org.openqa.selenium.remote.ErrorCodec.decode(ErrorCodec.java:167)
at org.openqa.selenium.remote.codec.w3c.W3CHttpResponseCodec.decode(W3CHttpResponseCodec.java:138)
at org.openqa.selenium.remote.codec.w3c.W3CHttpResponseCodec.decode(W3CHttpResponseCodec.java:50)
at org.openqa.selenium.remote.HttpCommandExecutor.execute(HttpCommandExecutor.java:215)
at org.openqa.selenium.remote.service.DriverCommandExecutor.invokeExecute(DriverCommandExecutor.java:216)
at org.openqa.selenium.remote.service.DriverCommandExecutor.execute(DriverCommandExecutor.java:174)
at org.openqa.selenium.remote.RemoteWebDriver.execute(RemoteWebDriver.java:544)
at org.openqa.selenium.remote.ElementLocation$ElementFinder$2.findElement(ElementLocation.java:165)
at org.openqa.selenium.remote.ElementLocation.findElement(ElementLocation.java:59)
at org.openqa.selenium.remote.RemoteWebDriver.findElement(RemoteWebDriver.java:367)
at org.openqa.selenium.remote.RemoteWebDriver.findElement(RemoteWebDriver.java:361)
at Amuzi.LoginTestCase.detailedPageWithoutLoginTest(LoginTestCase.java:134)
at java.base/jdk.internal.reflect.DirectMethodHandleAccessor.invoke(DirectMethodHandleAccessor.java:103)
at java.base/java.lang.reflect.Method.invoke(Method.java:580)
at org.testng.internal.invokers.MethodInvocationHelper.invokeMethod(MethodInvocationHelper.java:141)
at org.testng.internal.invokers.TestInvoker.invokeMethod(TestInvoker.java:687)
at org.testng.internal.invokers.TestInvoker.invokeTestMethod(TestInvoker.java:230)
at org.testng.internal.invokers.MethodRunner.runInSequence(MethodRunner.java:63)
at org.testng.internal.invokers.TestInvoker$MethodInvocationAgent.invoke(TestInvoker.java:995)
at org.testng.internal.invokers.TestInvoker.invokeTestMethods(TestInvoker.java:203)
at org.testng.internal.invokers.TestMethodWorker.invokeTestMethods(TestMethodWorker.java:154)
at org.testng.internal.invokers.TestMethodWorker.run(TestMethodWorker.java:134)
at java.base/java.util.concurrent.Executors$RunnableAdapter.call(Executors.java:572)
at java.base/java.util.concurrent.FutureTask.run(FutureTask.java:317)
at org.testng.internal.thread.graph.TestNGFutureTask.run(TestNGFutureTask.java:22)
at java.base/java.util.concurrent.ThreadPoolExecutor.runWorker(ThreadPoolExecutor.java:1144)
at java.base/java.util.concurrent.ThreadPoolExecutor$Worker.run(ThreadPoolExecutor.java:642)
at java.base/java.lang.Thread.run(Thread.java:1575)
]]>
            </full-stacktrace>
          </exception> <!-- org.openqa.selenium.NoSuchElementException -->
          <reporter-output>
          </reporter-output>
        </test-method> <!-- detailedPageWithoutLoginTest -->
        <test-method is-config="true" signature="teardown()[pri:0, instance:Amuzi.LoginTestCase@5bda8e08]" started-at="2025-08-12T16:26:41 IST" name="teardown" finished-at="2025-08-12T16:26:42 IST" duration-ms="486" status="PASS">
          <reporter-output>
          </reporter-output>
        </test-method> <!-- teardown -->
      </class> <!-- Amuzi.LoginTestCase -->
    </test> <!-- check Detail page is open without login  -->
    <test started-at="2025-08-12T16:26:42 IST" name="Validate Without login subscription button validate " finished-at="2025-08-12T16:26:46 IST" duration-ms="4318">
      <class name="Amuzi.LoginTestCase">
        <test-method is-config="true" signature="setup()[pri:0, instance:Amuzi.LoginTestCase@6f03482]" started-at="2025-08-12T16:26:42 IST" name="setup" finished-at="2025-08-12T16:26:45 IST" duration-ms="3311" status="PASS">
          <reporter-output>
          </reporter-output>
        </test-method> <!-- setup -->
        <test-method signature="withoutLoginSubscriptionButtonisVisible()[pri:0, instance:Amuzi.LoginTestCase@6f03482]" started-at="2025-08-12T16:26:45 IST" name="withoutLoginSubscriptionButtonisVisible" finished-at="2025-08-12T16:26:46 IST" duration-ms="653" status="PASS">
          <reporter-output>
          </reporter-output>
        </test-method> <!-- withoutLoginSubscriptionButtonisVisible -->
        <test-method is-config="true" signature="teardown()[pri:0, instance:Amuzi.LoginTestCase@6f03482]" started-at="2025-08-12T16:26:46 IST" name="teardown" finished-at="2025-08-12T16:26:46 IST" duration-ms="349" status="PASS">
          <reporter-output>
          </reporter-output>
        </test-method> <!-- teardown -->
      </class> <!-- Amuzi.LoginTestCase -->
    </test> <!-- Validate Without login subscription button validate  -->
    <test started-at="2025-08-12T16:26:46 IST" name="Verify the url" finished-at="2025-08-12T16:26:49 IST" duration-ms="3524">
      <class name="Amuzi.CommonTestCase">
        <test-method is-config="true" signature="setup()[pri:0, instance:Amuzi.CommonTestCase@ba2f4ec]" started-at="2025-08-12T16:26:46 IST" name="setup" finished-at="2025-08-12T16:26:49 IST" duration-ms="3095" status="PASS">
          <reporter-output>
          </reporter-output>
        </test-method> <!-- setup -->
        <test-method signature="verifyCurrentUrlTest()[pri:0, instance:Amuzi.CommonTestCase@ba2f4ec]" started-at="2025-08-12T16:26:49 IST" name="verifyCurrentUrlTest" finished-at="2025-08-12T16:26:49 IST" duration-ms="26" status="PASS">
          <reporter-output>
          </reporter-output>
        </test-method> <!-- verifyCurrentUrlTest -->
        <test-method is-config="true" signature="teardown()[pri:0, instance:Amuzi.CommonTestCase@ba2f4ec]" started-at="2025-08-12T16:26:49 IST" name="teardown" finished-at="2025-08-12T16:26:49 IST" duration-ms="400" status="PASS">
          <reporter-output>
          </reporter-output>
        </test-method> <!-- teardown -->
      </class> <!-- Amuzi.CommonTestCase -->
    </test> <!-- Verify the url -->
    <test started-at="2025-08-12T16:26:49 IST" name="Verify the url of Amuzi" finished-at="2025-08-12T16:26:53 IST" duration-ms="3221">
      <class name="Amuzi.CommonTestCase">
        <test-method is-config="true" signature="setup()[pri:0, instance:Amuzi.CommonTestCase@fbd1f6]" started-at="2025-08-12T16:26:49 IST" name="setup" finished-at="2025-08-12T16:26:52 IST" duration-ms="2854" status="PASS">
          <reporter-output>
          </reporter-output>
        </test-method> <!-- setup -->
        <test-method signature="verifyurl()[pri:0, instance:Amuzi.CommonTestCase@fbd1f6]" started-at="2025-08-12T16:26:52 IST" name="verifyurl" finished-at="2025-08-12T16:26:52 IST" duration-ms="31" status="FAIL">
          <exception class="java.lang.AssertionError">
            <message>
              <![CDATA[Passed expected [https://chull.tv/] but found [https://amuzi.in/]]]>
            </message>
            <full-stacktrace>
              <![CDATA[java.lang.AssertionError: Passed expected [https://chull.tv/] but found [https://amuzi.in/]
at org.testng.Assert.fail(Assert.java:111)
at org.testng.Assert.failNotEquals(Assert.java:1590)
at org.testng.Assert.assertEqualsImpl(Assert.java:150)
at org.testng.Assert.assertEquals(Assert.java:132)
at org.testng.Assert.assertEquals(Assert.java:656)
at Amuzi.CommonTestCase.verifyurl(CommonTestCase.java:38)
at java.base/jdk.internal.reflect.DirectMethodHandleAccessor.invoke(DirectMethodHandleAccessor.java:103)
at java.base/java.lang.reflect.Method.invoke(Method.java:580)
at org.testng.internal.invokers.MethodInvocationHelper.invokeMethod(MethodInvocationHelper.java:141)
at org.testng.internal.invokers.TestInvoker.invokeMethod(TestInvoker.java:687)
at org.testng.internal.invokers.TestInvoker.invokeTestMethod(TestInvoker.java:230)
at org.testng.internal.invokers.MethodRunner.runInSequence(MethodRunner.java:63)
at org.testng.internal.invokers.TestInvoker$MethodInvocationAgent.invoke(TestInvoker.java:995)
at org.testng.internal.invokers.TestInvoker.invokeTestMethods(TestInvoker.java:203)
at org.testng.internal.invokers.TestMethodWorker.invokeTestMethods(TestMethodWorker.java:154)
at org.testng.internal.invokers.TestMethodWorker.run(TestMethodWorker.java:134)
at java.base/java.util.concurrent.Executors$RunnableAdapter.call(Executors.java:572)
at java.base/java.util.concurrent.FutureTask.run(FutureTask.java:317)
at org.testng.internal.thread.graph.TestNGFutureTask.run(TestNGFutureTask.java:22)
at java.base/java.util.concurrent.ThreadPoolExecutor.runWorker(ThreadPoolExecutor.java:1144)
at java.base/java.util.concurrent.ThreadPoolExecutor$Worker.run(ThreadPoolExecutor.java:642)
at java.base/java.lang.Thread.run(Thread.java:1575)
]]>
            </full-stacktrace>
          </exception> <!-- java.lang.AssertionError -->
          <reporter-output>
          </reporter-output>
        </test-method> <!-- verifyurl -->
        <test-method is-config="true" signature="teardown()[pri:0, instance:Amuzi.CommonTestCase@fbd1f6]" started-at="2025-08-12T16:26:52 IST" name="teardown" finished-at="2025-08-12T16:26:53 IST" duration-ms="330" status="PASS">
          <reporter-output>
          </reporter-output>
        </test-method> <!-- teardown -->
      </class> <!-- Amuzi.CommonTestCase -->
    </test> <!-- Verify the url of Amuzi -->
    <test started-at="2025-08-12T16:26:53 IST" name="Count Total Number of video in HomePage" finished-at="2025-08-12T16:27:11 IST" duration-ms="18651">
      <class name="Amuzi.CommonTestCase">
        <test-method is-config="true" signature="setup()[pri:0, instance:Amuzi.CommonTestCase@7a8c8dcf]" started-at="2025-08-12T16:26:53 IST" name="setup" finished-at="2025-08-12T16:27:01 IST" duration-ms="8104" status="PASS">
          <reporter-output>
          </reporter-output>
        </test-method> <!-- setup -->
        <test-method signature="countTotalVideosWithNames()[pri:0, instance:Amuzi.CommonTestCase@7a8c8dcf]" started-at="2025-08-12T16:27:01 IST" name="countTotalVideosWithNames" finished-at="2025-08-12T16:27:11 IST" duration-ms="10080" status="PASS">
          <reporter-output>
          </reporter-output>
        </test-method> <!-- countTotalVideosWithNames -->
        <test-method is-config="true" signature="teardown()[pri:0, instance:Amuzi.CommonTestCase@7a8c8dcf]" started-at="2025-08-12T16:27:11 IST" name="teardown" finished-at="2025-08-12T16:27:11 IST" duration-ms="462" status="PASS">
          <reporter-output>
          </reporter-output>
        </test-method> <!-- teardown -->
      </class> <!-- Amuzi.CommonTestCase -->
    </test> <!-- Count Total Number of video in HomePage -->
    <test started-at="2025-08-12T16:27:11 IST" name="Verify the Tage name match or not" finished-at="2025-08-12T16:27:15 IST" duration-ms="3447">
      <class name="Amuzi.CommonTestCase">
        <test-method is-config="true" signature="setup()[pri:0, instance:Amuzi.CommonTestCase@24aed80c]" started-at="2025-08-12T16:27:11 IST" name="setup" finished-at="2025-08-12T16:27:14 IST" duration-ms="3041" status="PASS">
          <reporter-output>
          </reporter-output>
        </test-method> <!-- setup -->
        <test-method signature="checkTagname()[pri:0, instance:Amuzi.CommonTestCase@24aed80c]" started-at="2025-08-12T16:27:14 IST" name="checkTagname" finished-at="2025-08-12T16:27:14 IST" duration-ms="14" status="PASS">
          <reporter-output>
          </reporter-output>
        </test-method> <!-- checkTagname -->
        <test-method is-config="true" signature="teardown()[pri:0, instance:Amuzi.CommonTestCase@24aed80c]" started-at="2025-08-12T16:27:14 IST" name="teardown" finished-at="2025-08-12T16:27:15 IST" duration-ms="390" status="PASS">
          <reporter-output>
          </reporter-output>
        </test-method> <!-- teardown -->
      </class> <!-- Amuzi.CommonTestCase -->
    </test> <!-- Verify the Tage name match or not -->
    <test started-at="2025-08-12T16:27:15 IST" name="Verify Banner is visible proper" finished-at="2025-08-12T16:27:33 IST" duration-ms="17772">
      <class name="Amuzi.CommonTestCase">
        <test-method is-config="true" signature="setup()[pri:0, instance:Amuzi.CommonTestCase@752325ad]" started-at="2025-08-12T16:27:15 IST" name="setup" finished-at="2025-08-12T16:27:18 IST" duration-ms="2872" status="PASS">
          <reporter-output>
          </reporter-output>
        </test-method> <!-- setup -->
        <test-method signature="Banner_is_visible()[pri:0, instance:Amuzi.CommonTestCase@752325ad]" started-at="2025-08-12T16:27:18 IST" name="Banner_is_visible" finished-at="2025-08-12T16:27:32 IST" duration-ms="14469" status="PASS">
          <reporter-output>
          </reporter-output>
        </test-method> <!-- Banner_is_visible -->
        <test-method is-config="true" signature="teardown()[pri:0, instance:Amuzi.CommonTestCase@752325ad]" started-at="2025-08-12T16:27:32 IST" name="teardown" finished-at="2025-08-12T16:27:33 IST" duration-ms="422" status="PASS">
          <reporter-output>
          </reporter-output>
        </test-method> <!-- teardown -->
      </class> <!-- Amuzi.CommonTestCase -->
    </test> <!-- Verify Banner is visible proper -->
    <test started-at="2025-08-12T16:27:33 IST" name="Verify Filter Button is working properly or not" finished-at="2025-08-12T16:27:36 IST" duration-ms="3848">
      <class name="Amuzi.CommonTestCase">
        <test-method is-config="true" signature="setup()[pri:0, instance:Amuzi.CommonTestCase@45c7e403]" started-at="2025-08-12T16:27:33 IST" name="setup" finished-at="2025-08-12T16:27:36 IST" duration-ms="3460" status="PASS">
          <reporter-output>
          </reporter-output>
        </test-method> <!-- setup -->
        <test-method signature="filterButtonClickTest()[pri:0, instance:Amuzi.CommonTestCase@45c7e403]" started-at="2025-08-12T16:27:36 IST" name="filterButtonClickTest" finished-at="2025-08-12T16:27:36 IST" duration-ms="27" status="FAIL">
          <exception class="org.openqa.selenium.JavascriptException">
            <message>
              <![CDATA[javascript error: Cannot read properties of null (reading 'scrollBy')
  (Session info: chrome=138.0.7204.169)
Build info: version: '4.33.0', revision: '2c6aaad03a'
System info: os.name: 'Windows 11', os.arch: 'amd64', os.version: '10.0', java.version: '23.0.1'
Driver info: org.openqa.selenium.chrome.ChromeDriver
Command: [7fc485aba56719b9e956cee38d757080, executeScript {script=document.querySelector('.dropdown-menu').scrollBy(0,100), args=[]}]
Capabilities {acceptInsecureCerts: false, browserName: chrome, browserVersion: 138.0.7204.169, chrome: {chromedriverVersion: 138.0.7204.183 (e90faf484dd..., userDataDir: C:\Users\Yash\AppData\Local...}, fedcm:accounts: true, goog:chromeOptions: {debuggerAddress: localhost:51703}, networkConnectionEnabled: false, pageLoadStrategy: normal, platformName: windows, proxy: Proxy(), se:cdp: ws://localhost:51703/devtoo..., se:cdpVersion: 138.0.7204.169, setWindowRect: true, strictFileInteractability: false, timeouts: {implicit: 0, pageLoad: 300000, script: 30000}, unhandledPromptBehavior: dismiss and notify, webauthn:extension:credBlob: true, webauthn:extension:largeBlob: true, webauthn:extension:minPinLength: true, webauthn:extension:prf: true, webauthn:virtualAuthenticators: true}
Session ID: 7fc485aba56719b9e956cee38d757080]]>
            </message>
            <full-stacktrace>
              <![CDATA[org.openqa.selenium.JavascriptException: javascript error: Cannot read properties of null (reading 'scrollBy')
  (Session info: chrome=138.0.7204.169)
Build info: version: '4.33.0', revision: '2c6aaad03a'
System info: os.name: 'Windows 11', os.arch: 'amd64', os.version: '10.0', java.version: '23.0.1'
Driver info: org.openqa.selenium.chrome.ChromeDriver
Command: [7fc485aba56719b9e956cee38d757080, executeScript {script=document.querySelector('.dropdown-menu').scrollBy(0,100), args=[]}]
Capabilities {acceptInsecureCerts: false, browserName: chrome, browserVersion: 138.0.7204.169, chrome: {chromedriverVersion: 138.0.7204.183 (e90faf484dd..., userDataDir: C:\Users\Yash\AppData\Local...}, fedcm:accounts: true, goog:chromeOptions: {debuggerAddress: localhost:51703}, networkConnectionEnabled: false, pageLoadStrategy: normal, platformName: windows, proxy: Proxy(), se:cdp: ws://localhost:51703/devtoo..., se:cdpVersion: 138.0.7204.169, setWindowRect: true, strictFileInteractability: false, timeouts: {implicit: 0, pageLoad: 300000, script: 30000}, unhandledPromptBehavior: dismiss and notify, webauthn:extension:credBlob: true, webauthn:extension:largeBlob: true, webauthn:extension:minPinLength: true, webauthn:extension:prf: true, webauthn:virtualAuthenticators: true}
Session ID: 7fc485aba56719b9e956cee38d757080
at java.base/jdk.internal.reflect.DirectConstructorHandleAccessor.newInstance(DirectConstructorHandleAccessor.java:62)
at java.base/java.lang.reflect.Constructor.newInstanceWithCaller(Constructor.java:501)
at java.base/java.lang.reflect.Constructor.newInstance(Constructor.java:485)
at org.openqa.selenium.remote.ErrorCodec.decode(ErrorCodec.java:167)
at org.openqa.selenium.remote.codec.w3c.W3CHttpResponseCodec.decode(W3CHttpResponseCodec.java:138)
at org.openqa.selenium.remote.codec.w3c.W3CHttpResponseCodec.decode(W3CHttpResponseCodec.java:50)
at org.openqa.selenium.remote.HttpCommandExecutor.execute(HttpCommandExecutor.java:215)
at org.openqa.selenium.remote.service.DriverCommandExecutor.invokeExecute(DriverCommandExecutor.java:216)
at org.openqa.selenium.remote.service.DriverCommandExecutor.execute(DriverCommandExecutor.java:174)
at org.openqa.selenium.remote.RemoteWebDriver.execute(RemoteWebDriver.java:544)
at org.openqa.selenium.remote.RemoteWebDriver.executeScript(RemoteWebDriver.java:475)
at Amuzi.CommonTestCase.filterButtonClickTest(CommonTestCase.java:110)
at java.base/jdk.internal.reflect.DirectMethodHandleAccessor.invoke(DirectMethodHandleAccessor.java:103)
at java.base/java.lang.reflect.Method.invoke(Method.java:580)
at org.testng.internal.invokers.MethodInvocationHelper.invokeMethod(MethodInvocationHelper.java:141)
at org.testng.internal.invokers.TestInvoker.invokeMethod(TestInvoker.java:687)
at org.testng.internal.invokers.TestInvoker.invokeTestMethod(TestInvoker.java:230)
at org.testng.internal.invokers.MethodRunner.runInSequence(MethodRunner.java:63)
at org.testng.internal.invokers.TestInvoker$MethodInvocationAgent.invoke(TestInvoker.java:995)
at org.testng.internal.invokers.TestInvoker.invokeTestMethods(TestInvoker.java:203)
at org.testng.internal.invokers.TestMethodWorker.invokeTestMethods(TestMethodWorker.java:154)
at org.testng.internal.invokers.TestMethodWorker.run(TestMethodWorker.java:134)
at java.base/java.util.concurrent.Executors$RunnableAdapter.call(Executors.java:572)
at java.base/java.util.concurrent.FutureTask.run(FutureTask.java:317)
at org.testng.internal.thread.graph.TestNGFutureTask.run(TestNGFutureTask.java:22)
at java.base/java.util.concurrent.ThreadPoolExecutor.runWorker(ThreadPoolExecutor.java:1144)
at java.base/java.util.concurrent.ThreadPoolExecutor$Worker.run(ThreadPoolExecutor.java:642)
at java.base/java.lang.Thread.run(Thread.java:1575)
]]>
            </full-stacktrace>
          </exception> <!-- org.openqa.selenium.JavascriptException -->
          <reporter-output>
          </reporter-output>
        </test-method> <!-- filterButtonClickTest -->
        <test-method is-config="true" signature="teardown()[pri:0, instance:Amuzi.CommonTestCase@45c7e403]" started-at="2025-08-12T16:27:36 IST" name="teardown" finished-at="2025-08-12T16:27:36 IST" duration-ms="358" status="PASS">
          <reporter-output>
          </reporter-output>
        </test-method> <!-- teardown -->
      </class> <!-- Amuzi.CommonTestCase -->
    </test> <!-- Verify Filter Button is working properly or not -->
    <test started-at="2025-08-12T16:27:36 IST" name="Check Language Button filter out the videos" finished-at="2025-08-12T16:28:01 IST" duration-ms="24071">
      <class name="Amuzi.CommonTestCase">
        <test-method is-config="true" signature="setup()[pri:0, instance:Amuzi.CommonTestCase@1ff4931d]" started-at="2025-08-12T16:27:36 IST" name="setup" finished-at="2025-08-12T16:27:40 IST" duration-ms="3164" status="PASS">
          <reporter-output>
          </reporter-output>
        </test-method> <!-- setup -->
        <test-method signature="LanguageButton()[pri:0, instance:Amuzi.CommonTestCase@1ff4931d]" started-at="2025-08-12T16:27:40 IST" name="LanguageButton" finished-at="2025-08-12T16:28:00 IST" duration-ms="20396" status="PASS">
          <reporter-output>
          </reporter-output>
        </test-method> <!-- LanguageButton -->
        <test-method is-config="true" signature="teardown()[pri:0, instance:Amuzi.CommonTestCase@1ff4931d]" started-at="2025-08-12T16:28:00 IST" name="teardown" finished-at="2025-08-12T16:28:01 IST" duration-ms="510" status="PASS">
          <reporter-output>
          </reporter-output>
        </test-method> <!-- teardown -->
      </class> <!-- Amuzi.CommonTestCase -->
    </test> <!-- Check Language Button filter out the videos -->
    <test started-at="2025-08-12T16:28:01 IST" name="Check No Data message is visible enter invalid input" finished-at="2025-08-12T16:28:24 IST" duration-ms="23206">
      <class name="Amuzi.CommonTestCase">
        <test-method is-config="true" signature="setup()[pri:0, instance:Amuzi.CommonTestCase@6ad82709]" started-at="2025-08-12T16:28:01 IST" name="setup" finished-at="2025-08-12T16:28:03 IST" duration-ms="2851" status="PASS">
          <reporter-output>
          </reporter-output>
        </test-method> <!-- setup -->
        <test-method signature="Validate_No_Data_message_is_visible()[pri:0, instance:Amuzi.CommonTestCase@6ad82709]" started-at="2025-08-12T16:28:03 IST" name="Validate_No_Data_message_is_visible" finished-at="2025-08-12T16:28:23 IST" duration-ms="19742" status="PASS">
          <reporter-output>
          </reporter-output>
        </test-method> <!-- Validate_No_Data_message_is_visible -->
        <test-method is-config="true" signature="teardown()[pri:0, instance:Amuzi.CommonTestCase@6ad82709]" started-at="2025-08-12T16:28:23 IST" name="teardown" finished-at="2025-08-12T16:28:24 IST" duration-ms="609" status="PASS">
          <reporter-output>
          </reporter-output>
        </test-method> <!-- teardown -->
      </class> <!-- Amuzi.CommonTestCase -->
    </test> <!-- Check No Data message is visible enter invalid input -->
    <test started-at="2025-08-12T16:28:24 IST" name="Check All language is visible" finished-at="2025-08-12T16:28:41 IST" duration-ms="16904">
      <class name="Amuzi.CommonTestCase">
        <test-method is-config="true" signature="setup()[pri:0, instance:Amuzi.CommonTestCase@8297b3a]" started-at="2025-08-12T16:28:24 IST" name="setup" finished-at="2025-08-12T16:28:29 IST" duration-ms="5429" status="PASS">
          <reporter-output>
          </reporter-output>
        </test-method> <!-- setup -->
        <test-method signature="checkAlllanguageIsvisible()[pri:0, instance:Amuzi.CommonTestCase@8297b3a]" started-at="2025-08-12T16:28:29 IST" name="checkAlllanguageIsvisible" finished-at="2025-08-12T16:28:40 IST" duration-ms="11044" status="PASS">
          <reporter-output>
          </reporter-output>
        </test-method> <!-- checkAlllanguageIsvisible -->
        <test-method is-config="true" signature="teardown()[pri:0, instance:Amuzi.CommonTestCase@8297b3a]" started-at="2025-08-12T16:28:40 IST" name="teardown" finished-at="2025-08-12T16:28:41 IST" duration-ms="429" status="PASS">
          <reporter-output>
          </reporter-output>
        </test-method> <!-- teardown -->
      </class> <!-- Amuzi.CommonTestCase -->
    </test> <!-- Check All language is visible -->
    <test started-at="2025-08-12T16:28:41 IST" name="Count Number of banner present" finished-at="2025-08-12T16:28:49 IST" duration-ms="8523">
      <class name="Amuzi.CommonTestCase">
        <test-method is-config="true" signature="setup()[pri:0, instance:Amuzi.CommonTestCase@4c178a76]" started-at="2025-08-12T16:28:41 IST" name="setup" finished-at="2025-08-12T16:28:45 IST" duration-ms="4074" status="PASS">
          <reporter-output>
          </reporter-output>
        </test-method> <!-- setup -->
        <test-method signature="checkNoofBannerpresendInHomepage()[pri:0, instance:Amuzi.CommonTestCase@4c178a76]" started-at="2025-08-12T16:28:45 IST" name="checkNoofBannerpresendInHomepage" finished-at="2025-08-12T16:28:49 IST" duration-ms="4032" status="PASS">
          <reporter-output>
          </reporter-output>
        </test-method> <!-- checkNoofBannerpresendInHomepage -->
        <test-method is-config="true" signature="teardown()[pri:0, instance:Amuzi.CommonTestCase@4c178a76]" started-at="2025-08-12T16:28:49 IST" name="teardown" finished-at="2025-08-12T16:28:49 IST" duration-ms="414" status="PASS">
          <reporter-output>
          </reporter-output>
        </test-method> <!-- teardown -->
      </class> <!-- Amuzi.CommonTestCase -->
    </test> <!-- Count Number of banner present -->
    <test started-at="2025-08-12T16:28:49 IST" name="Verify Playstore link is already" finished-at="2025-08-12T16:29:09 IST" duration-ms="19430">
      <class name="Amuzi.Footer">
        <test-method is-config="true" signature="setup()[pri:0, instance:Amuzi.Footer@544fa968]" started-at="2025-08-12T16:28:49 IST" name="setup" finished-at="2025-08-12T16:28:52 IST" duration-ms="2897" status="PASS">
          <reporter-output>
          </reporter-output>
        </test-method> <!-- setup -->
        <test-method signature="playstore()[pri:0, instance:Amuzi.Footer@544fa968]" started-at="2025-08-12T16:28:52 IST" name="playstore" finished-at="2025-08-12T16:29:08 IST" duration-ms="15883" status="PASS">
          <reporter-output>
          </reporter-output>
        </test-method> <!-- playstore -->
        <test-method is-config="true" signature="teardown()[pri:0, instance:Amuzi.Footer@544fa968]" started-at="2025-08-12T16:29:08 IST" name="teardown" finished-at="2025-08-12T16:29:09 IST" duration-ms="647" status="PASS">
          <reporter-output>
          </reporter-output>
        </test-method> <!-- teardown -->
      </class> <!-- Amuzi.Footer -->
    </test> <!-- Verify Playstore link is already -->
    <test started-at="2025-08-12T16:29:09 IST" name="Verify Applestore link is already" finished-at="2025-08-12T16:29:28 IST" duration-ms="19622">
      <class name="Amuzi.Footer">
        <test-method is-config="true" signature="setup()[pri:0, instance:Amuzi.Footer@7770f470]" started-at="2025-08-12T16:29:09 IST" name="setup" finished-at="2025-08-12T16:29:12 IST" duration-ms="2958" status="PASS">
          <reporter-output>
          </reporter-output>
        </test-method> <!-- setup -->
        <test-method signature="ApplestoreButtonTest()[pri:0, instance:Amuzi.Footer@7770f470]" started-at="2025-08-12T16:29:12 IST" name="ApplestoreButtonTest" finished-at="2025-08-12T16:29:28 IST" duration-ms="16034" status="PASS">
          <reporter-output>
          </reporter-output>
        </test-method> <!-- ApplestoreButtonTest -->
        <test-method is-config="true" signature="teardown()[pri:0, instance:Amuzi.Footer@7770f470]" started-at="2025-08-12T16:29:28 IST" name="teardown" finished-at="2025-08-12T16:29:28 IST" duration-ms="627" status="PASS">
          <reporter-output>
          </reporter-output>
        </test-method> <!-- teardown -->
      </class> <!-- Amuzi.Footer -->
    </test> <!-- Verify Applestore link is already -->
    <test started-at="2025-08-12T16:29:28 IST" name="Click on the Footer pages" finished-at="2025-08-12T16:29:39 IST" duration-ms="10306">
      <class name="Amuzi.Footer">
        <test-method is-config="true" signature="setup()[pri:0, instance:Amuzi.Footer@7d20d0b]" started-at="2025-08-12T16:29:28 IST" name="setup" finished-at="2025-08-12T16:29:31 IST" duration-ms="2715" status="PASS">
          <reporter-output>
          </reporter-output>
        </test-method> <!-- setup -->
        <test-method signature="footerTermsAndConditionsTest()[pri:0, instance:Amuzi.Footer@7d20d0b]" started-at="2025-08-12T16:29:31 IST" name="footerTermsAndConditionsTest" finished-at="2025-08-12T16:29:38 IST" duration-ms="7235" status="PASS">
          <reporter-output>
          </reporter-output>
        </test-method> <!-- footerTermsAndConditionsTest -->
        <test-method is-config="true" signature="teardown()[pri:0, instance:Amuzi.Footer@7d20d0b]" started-at="2025-08-12T16:29:38 IST" name="teardown" finished-at="2025-08-12T16:29:39 IST" duration-ms="356" status="PASS">
          <reporter-output>
          </reporter-output>
        </test-method> <!-- teardown -->
      </class> <!-- Amuzi.Footer -->
    </test> <!-- Click on the Footer pages -->
    <test started-at="2025-08-12T16:29:39 IST" name="Click video is playing" finished-at="2025-08-12T16:29:50 IST" duration-ms="11481">
      <class name="Amuzi.PlayerTestCase">
        <test-method is-config="true" signature="setup()[pri:0, instance:Amuzi.PlayerTestCase@6c40365c]" started-at="2025-08-12T16:29:39 IST" name="setup" finished-at="2025-08-12T16:29:42 IST" duration-ms="2906" status="PASS">
          <reporter-output>
          </reporter-output>
        </test-method> <!-- setup -->
        <test-method signature="playVideoTest()[pri:0, instance:Amuzi.PlayerTestCase@6c40365c]" started-at="2025-08-12T16:29:42 IST" name="playVideoTest" finished-at="2025-08-12T16:29:50 IST" duration-ms="8166" status="FAIL">
          <exception class="org.openqa.selenium.ElementClickInterceptedException">
            <message>
              <![CDATA[element click intercepted: Element <img src="https://ottimages.b-cdn.net/ottsnap/images/video/drqocYh1d8gkqvQrd1UQ9nzXw4ubrO7G3FOCS98N.jpg?width=250&amp;quality=100" class="img-top" alt="Athletics Goa" style="height: 230px;"> is not clickable at point (175, 234). Other element would receive the click: <ul class="menu-bar-ul">...</ul>
  (Session info: chrome=138.0.7204.169)
Build info: version: '4.33.0', revision: '2c6aaad03a'
System info: os.name: 'Windows 11', os.arch: 'amd64', os.version: '10.0', java.version: '23.0.1'
Driver info: org.openqa.selenium.chrome.ChromeDriver
Command: [e8609e5f6e4a70082071260c58a284d4, clickElement {id=f.91B22B15F3ADD2910D2B764F879B36B9.d.C6B286D238536684DD5F16BFCEE85B32.e.59}]
Capabilities {acceptInsecureCerts: false, browserName: chrome, browserVersion: 138.0.7204.169, chrome: {chromedriverVersion: 138.0.7204.183 (e90faf484dd..., userDataDir: C:\Users\Yash\AppData\Local...}, fedcm:accounts: true, goog:chromeOptions: {debuggerAddress: localhost:53158}, networkConnectionEnabled: false, pageLoadStrategy: normal, platformName: windows, proxy: Proxy(), se:cdp: ws://localhost:53158/devtoo..., se:cdpVersion: 138.0.7204.169, setWindowRect: true, strictFileInteractability: false, timeouts: {implicit: 0, pageLoad: 300000, script: 30000}, unhandledPromptBehavior: dismiss and notify, webauthn:extension:credBlob: true, webauthn:extension:largeBlob: true, webauthn:extension:minPinLength: true, webauthn:extension:prf: true, webauthn:virtualAuthenticators: true}
Element: [[ChromeDriver: chrome on windows (e8609e5f6e4a70082071260c58a284d4)] -> xpath: //img[@alt='Athletics Goa']]
Session ID: e8609e5f6e4a70082071260c58a284d4]]>
            </message>
            <full-stacktrace>
              <![CDATA[org.openqa.selenium.ElementClickInterceptedException: element click intercepted: Element <img src="https://ottimages.b-cdn.net/ottsnap/images/video/drqocYh1d8gkqvQrd1UQ9nzXw4ubrO7G3FOCS98N.jpg?width=250&amp;quality=100" class="img-top" alt="Athletics Goa" style="height: 230px;"> is not clickable at point (175, 234). Other element would receive the click: <ul class="menu-bar-ul">...</ul>
  (Session info: chrome=138.0.7204.169)
Build info: version: '4.33.0', revision: '2c6aaad03a'
System info: os.name: 'Windows 11', os.arch: 'amd64', os.version: '10.0', java.version: '23.0.1'
Driver info: org.openqa.selenium.chrome.ChromeDriver
Command: [e8609e5f6e4a70082071260c58a284d4, clickElement {id=f.91B22B15F3ADD2910D2B764F879B36B9.d.C6B286D238536684DD5F16BFCEE85B32.e.59}]
Capabilities {acceptInsecureCerts: false, browserName: chrome, browserVersion: 138.0.7204.169, chrome: {chromedriverVersion: 138.0.7204.183 (e90faf484dd..., userDataDir: C:\Users\Yash\AppData\Local...}, fedcm:accounts: true, goog:chromeOptions: {debuggerAddress: localhost:53158}, networkConnectionEnabled: false, pageLoadStrategy: normal, platformName: windows, proxy: Proxy(), se:cdp: ws://localhost:53158/devtoo..., se:cdpVersion: 138.0.7204.169, setWindowRect: true, strictFileInteractability: false, timeouts: {implicit: 0, pageLoad: 300000, script: 30000}, unhandledPromptBehavior: dismiss and notify, webauthn:extension:credBlob: true, webauthn:extension:largeBlob: true, webauthn:extension:minPinLength: true, webauthn:extension:prf: true, webauthn:virtualAuthenticators: true}
Element: [[ChromeDriver: chrome on windows (e8609e5f6e4a70082071260c58a284d4)] -> xpath: //img[@alt='Athletics Goa']]
Session ID: e8609e5f6e4a70082071260c58a284d4
at java.base/jdk.internal.reflect.DirectConstructorHandleAccessor.newInstance(DirectConstructorHandleAccessor.java:62)
at java.base/java.lang.reflect.Constructor.newInstanceWithCaller(Constructor.java:501)
at java.base/java.lang.reflect.Constructor.newInstance(Constructor.java:485)
at org.openqa.selenium.remote.ErrorCodec.decode(ErrorCodec.java:167)
at org.openqa.selenium.remote.codec.w3c.W3CHttpResponseCodec.decode(W3CHttpResponseCodec.java:138)
at org.openqa.selenium.remote.codec.w3c.W3CHttpResponseCodec.decode(W3CHttpResponseCodec.java:50)
at org.openqa.selenium.remote.HttpCommandExecutor.execute(HttpCommandExecutor.java:215)
at org.openqa.selenium.remote.service.DriverCommandExecutor.invokeExecute(DriverCommandExecutor.java:216)
at org.openqa.selenium.remote.service.DriverCommandExecutor.execute(DriverCommandExecutor.java:174)
at org.openqa.selenium.remote.RemoteWebDriver.execute(RemoteWebDriver.java:544)
at org.openqa.selenium.remote.RemoteWebElement.execute(RemoteWebElement.java:223)
at org.openqa.selenium.remote.RemoteWebElement.click(RemoteWebElement.java:76)
at Amuzi.PlayerTestCase.playVideoTest(PlayerTestCase.java:44)
at java.base/jdk.internal.reflect.DirectMethodHandleAccessor.invoke(DirectMethodHandleAccessor.java:103)
at java.base/java.lang.reflect.Method.invoke(Method.java:580)
at org.testng.internal.invokers.MethodInvocationHelper.invokeMethod(MethodInvocationHelper.java:141)
at org.testng.internal.invokers.TestInvoker.invokeMethod(TestInvoker.java:687)
at org.testng.internal.invokers.TestInvoker.invokeTestMethod(TestInvoker.java:230)
at org.testng.internal.invokers.MethodRunner.runInSequence(MethodRunner.java:63)
at org.testng.internal.invokers.TestInvoker$MethodInvocationAgent.invoke(TestInvoker.java:995)
at org.testng.internal.invokers.TestInvoker.invokeTestMethods(TestInvoker.java:203)
at org.testng.internal.invokers.TestMethodWorker.invokeTestMethods(TestMethodWorker.java:154)
at org.testng.internal.invokers.TestMethodWorker.run(TestMethodWorker.java:134)
at java.base/java.util.concurrent.Executors$RunnableAdapter.call(Executors.java:572)
at java.base/java.util.concurrent.FutureTask.run(FutureTask.java:317)
at org.testng.internal.thread.graph.TestNGFutureTask.run(TestNGFutureTask.java:22)
at java.base/java.util.concurrent.ThreadPoolExecutor.runWorker(ThreadPoolExecutor.java:1144)
at java.base/java.util.concurrent.ThreadPoolExecutor$Worker.run(ThreadPoolExecutor.java:642)
at java.base/java.lang.Thread.run(Thread.java:1575)
]]>
            </full-stacktrace>
          </exception> <!-- org.openqa.selenium.ElementClickInterceptedException -->
          <reporter-output>
          </reporter-output>
        </test-method> <!-- playVideoTest -->
        <test-method is-config="true" signature="teardown()[pri:0, instance:Amuzi.PlayerTestCase@6c40365c]" started-at="2025-08-12T16:29:50 IST" name="teardown" finished-at="2025-08-12T16:29:50 IST" duration-ms="405" status="PASS">
          <reporter-output>
          </reporter-output>
        </test-method> <!-- teardown -->
      </class> <!-- Amuzi.PlayerTestCase -->
    </test> <!-- Click video is playing -->
    <test started-at="2025-08-12T16:29:50 IST" name="Check related video playing" finished-at="2025-08-12T16:30:17 IST" duration-ms="26863">
      <class name="Amuzi.PlayerTestCase">
        <test-method is-config="true" signature="setup()[pri:0, instance:Amuzi.PlayerTestCase@55b0dcab]" started-at="2025-08-12T16:29:50 IST" name="setup" finished-at="2025-08-12T16:29:53 IST" duration-ms="2845" status="PASS">
          <reporter-output>
          </reporter-output>
        </test-method> <!-- setup -->
        <test-method signature="checkRelatedvideo()[pri:0, instance:Amuzi.PlayerTestCase@55b0dcab]" started-at="2025-08-12T16:29:53 IST" name="checkRelatedvideo" finished-at="2025-08-12T16:30:17 IST" duration-ms="23595" status="FAIL">
          <exception class="org.openqa.selenium.TimeoutException">
            <message>
              <![CDATA[Expected condition failed: waiting for element to be clickable: By.xpath: //img[@alt='Prati Roju Pandage'] (tried for 10 second(s) with 500 milliseconds interval)
Build info: version: '4.33.0', revision: '2c6aaad03a'
System info: os.name: 'Windows 11', os.arch: 'amd64', os.version: '10.0', java.version: '23.0.1'
Driver info: org.openqa.selenium.chrome.ChromeDriver
Capabilities {acceptInsecureCerts: false, browserName: chrome, browserVersion: 138.0.7204.169, chrome: {chromedriverVersion: 138.0.7204.183 (e90faf484dd..., userDataDir: C:\Users\Yash\AppData\Local...}, fedcm:accounts: true, goog:chromeOptions: {debuggerAddress: localhost:53205}, networkConnectionEnabled: false, pageLoadStrategy: normal, platformName: windows, proxy: Proxy(), se:cdp: ws://localhost:53205/devtoo..., se:cdpVersion: 138.0.7204.169, setWindowRect: true, strictFileInteractability: false, timeouts: {implicit: 0, pageLoad: 300000, script: 30000}, unhandledPromptBehavior: dismiss and notify, webauthn:extension:credBlob: true, webauthn:extension:largeBlob: true, webauthn:extension:minPinLength: true, webauthn:extension:prf: true, webauthn:virtualAuthenticators: true}
Session ID: 455c4a27e0c592a6c0365a643daa6ae8]]>
            </message>
            <full-stacktrace>
              <![CDATA[org.openqa.selenium.TimeoutException: Expected condition failed: waiting for element to be clickable: By.xpath: //img[@alt='Prati Roju Pandage'] (tried for 10 second(s) with 500 milliseconds interval)
Build info: version: '4.33.0', revision: '2c6aaad03a'
System info: os.name: 'Windows 11', os.arch: 'amd64', os.version: '10.0', java.version: '23.0.1'
Driver info: org.openqa.selenium.chrome.ChromeDriver
Capabilities {acceptInsecureCerts: false, browserName: chrome, browserVersion: 138.0.7204.169, chrome: {chromedriverVersion: 138.0.7204.183 (e90faf484dd..., userDataDir: C:\Users\Yash\AppData\Local...}, fedcm:accounts: true, goog:chromeOptions: {debuggerAddress: localhost:53205}, networkConnectionEnabled: false, pageLoadStrategy: normal, platformName: windows, proxy: Proxy(), se:cdp: ws://localhost:53205/devtoo..., se:cdpVersion: 138.0.7204.169, setWindowRect: true, strictFileInteractability: false, timeouts: {implicit: 0, pageLoad: 300000, script: 30000}, unhandledPromptBehavior: dismiss and notify, webauthn:extension:credBlob: true, webauthn:extension:largeBlob: true, webauthn:extension:minPinLength: true, webauthn:extension:prf: true, webauthn:virtualAuthenticators: true}
Session ID: 455c4a27e0c592a6c0365a643daa6ae8
at org.openqa.selenium.support.ui.WebDriverWait.timeoutException(WebDriverWait.java:84)
at org.openqa.selenium.support.ui.FluentWait.until(FluentWait.java:228)
at Amuzi.PlayerTestCase.checkRelatedvideo(PlayerTestCase.java:140)
at java.base/jdk.internal.reflect.DirectMethodHandleAccessor.invoke(DirectMethodHandleAccessor.java:103)
at java.base/java.lang.reflect.Method.invoke(Method.java:580)
at org.testng.internal.invokers.MethodInvocationHelper.invokeMethod(MethodInvocationHelper.java:141)
at org.testng.internal.invokers.TestInvoker.invokeMethod(TestInvoker.java:687)
at org.testng.internal.invokers.TestInvoker.invokeTestMethod(TestInvoker.java:230)
at org.testng.internal.invokers.MethodRunner.runInSequence(MethodRunner.java:63)
at org.testng.internal.invokers.TestInvoker$MethodInvocationAgent.invoke(TestInvoker.java:995)
at org.testng.internal.invokers.TestInvoker.invokeTestMethods(TestInvoker.java:203)
at org.testng.internal.invokers.TestMethodWorker.invokeTestMethods(TestMethodWorker.java:154)
at org.testng.internal.invokers.TestMethodWorker.run(TestMethodWorker.java:134)
at java.base/java.util.concurrent.Executors$RunnableAdapter.call(Executors.java:572)
at java.base/java.util.concurrent.FutureTask.run(FutureTask.java:317)
at org.testng.internal.thread.graph.TestNGFutureTask.run(TestNGFutureTask.java:22)
at java.base/java.util.concurrent.ThreadPoolExecutor.runWorker(ThreadPoolExecutor.java:1144)
at java.base/java.util.concurrent.ThreadPoolExecutor$Worker.run(ThreadPoolExecutor.java:642)
at java.base/java.lang.Thread.run(Thread.java:1575)
]]>
            </full-stacktrace>
          </exception> <!-- org.openqa.selenium.TimeoutException -->
          <reporter-output>
          </reporter-output>
        </test-method> <!-- checkRelatedvideo -->
        <test-method is-config="true" signature="teardown()[pri:0, instance:Amuzi.PlayerTestCase@55b0dcab]" started-at="2025-08-12T16:30:17 IST" name="teardown" finished-at="2025-08-12T16:30:17 IST" duration-ms="420" status="PASS">
          <reporter-output>
          </reporter-output>
        </test-method> <!-- teardown -->
      </class> <!-- Amuzi.PlayerTestCase -->
    </test> <!-- Check related video playing -->
    <test started-at="2025-08-12T16:30:17 IST" name="Check search video is playing" finished-at="2025-08-12T16:30:17 IST" duration-ms="0">
    </test> <!-- Check search video is playing -->
    <test started-at="2025-08-12T16:30:17 IST" name="Validate User update their profile" finished-at="2025-08-12T16:30:34 IST" duration-ms="17380">
      <class name="Amuzi.UpdateProfile">
        <test-method is-config="true" signature="setup()[pri:0, instance:Amuzi.UpdateProfile@7c9d8e2]" started-at="2025-08-12T16:30:17 IST" name="setup" finished-at="2025-08-12T16:30:20 IST" duration-ms="2712" status="PASS">
          <reporter-output>
          </reporter-output>
        </test-method> <!-- setup -->
        <test-method signature="updateProfileTest()[pri:0, instance:Amuzi.UpdateProfile@7c9d8e2]" started-at="2025-08-12T16:30:20 IST" name="updateProfileTest" finished-at="2025-08-12T16:30:34 IST" duration-ms="14253" status="PASS">
          <reporter-output>
          </reporter-output>
        </test-method> <!-- updateProfileTest -->
        <test-method is-config="true" signature="teardown()[pri:0, instance:Amuzi.UpdateProfile@7c9d8e2]" started-at="2025-08-12T16:30:34 IST" name="teardown" finished-at="2025-08-12T16:30:34 IST" duration-ms="414" status="PASS">
          <reporter-output>
          </reporter-output>
        </test-method> <!-- teardown -->
      </class> <!-- Amuzi.UpdateProfile -->
    </test> <!-- Validate User update their profile -->
    <test started-at="2025-08-12T16:30:34 IST" name="Validate ViewAll Button is workable" finished-at="2025-08-12T16:30:57 IST" duration-ms="22224">
      <class name="Amuzi.ViewAllTestCase">
        <test-method is-config="true" signature="setup()[pri:0, instance:Amuzi.ViewAllTestCase@2002fc1d]" started-at="2025-08-12T16:30:34 IST" name="setup" finished-at="2025-08-12T16:30:38 IST" duration-ms="3910" status="PASS">
          <reporter-output>
          </reporter-output>
        </test-method> <!-- setup -->
        <test-method signature="viewAllTest()[pri:0, instance:Amuzi.ViewAllTestCase@2002fc1d]" started-at="2025-08-12T16:30:38 IST" name="viewAllTest" finished-at="2025-08-12T16:30:56 IST" duration-ms="17803" status="PASS">
          <reporter-output>
          </reporter-output>
        </test-method> <!-- viewAllTest -->
        <test-method is-config="true" signature="teardown()[pri:0, instance:Amuzi.ViewAllTestCase@2002fc1d]" started-at="2025-08-12T16:30:56 IST" name="teardown" finished-at="2025-08-12T16:30:57 IST" duration-ms="508" status="PASS">
          <reporter-output>
          </reporter-output>
        </test-method> <!-- teardown -->
      </class> <!-- Amuzi.ViewAllTestCase -->
    </test> <!-- Validate ViewAll Button is workable -->
    <test started-at="2025-08-12T16:30:57 IST" name="Validate User easily addead a video into the watchlist or not" finished-at="2025-08-12T16:31:17 IST" duration-ms="20846">
      <class name="Amuzi.WatchList">
        <test-method is-config="true" signature="setup()[pri:0, instance:Amuzi.WatchList@66d18979]" started-at="2025-08-12T16:30:57 IST" name="setup" finished-at="2025-08-12T16:31:00 IST" duration-ms="3186" status="PASS">
          <reporter-output>
          </reporter-output>
        </test-method> <!-- setup -->
        <test-method signature="watchlist()[pri:0, instance:Amuzi.WatchList@66d18979]" started-at="2025-08-12T16:31:00 IST" name="watchlist" finished-at="2025-08-12T16:31:17 IST" duration-ms="17206" status="FAIL">
          <exception class="org.openqa.selenium.ElementClickInterceptedException">
            <message>
              <![CDATA[element click intercepted: Element <img src="https://ottimages.b-cdn.net/ottsnap/images/video/drqocYh1d8gkqvQrd1UQ9nzXw4ubrO7G3FOCS98N.jpg?width=250&amp;quality=100" class="img-top" alt="Athletics Goa" style="height: 230px;"> is not clickable at point (175, 234). Other element would receive the click: <ul class="menu-bar-ul">...</ul>
  (Session info: chrome=138.0.7204.169)
Build info: version: '4.33.0', revision: '2c6aaad03a'
System info: os.name: 'Windows 11', os.arch: 'amd64', os.version: '10.0', java.version: '23.0.1'
Driver info: org.openqa.selenium.chrome.ChromeDriver
Command: [8db60d7d90f09fa2b0fb45eba9f25607, clickElement {id=f.91106F57721D0D89530AF9EE3890DEF9.d.A3DA1C0FD12229D9C288DF63E4FA1756.e.66}]
Capabilities {acceptInsecureCerts: false, browserName: chrome, browserVersion: 138.0.7204.169, chrome: {chromedriverVersion: 138.0.7204.183 (e90faf484dd..., userDataDir: C:\Users\Yash\AppData\Local...}, fedcm:accounts: true, goog:chromeOptions: {debuggerAddress: localhost:53380}, networkConnectionEnabled: false, pageLoadStrategy: normal, platformName: windows, proxy: Proxy(), se:cdp: ws://localhost:53380/devtoo..., se:cdpVersion: 138.0.7204.169, setWindowRect: true, strictFileInteractability: false, timeouts: {implicit: 0, pageLoad: 300000, script: 30000}, unhandledPromptBehavior: dismiss and notify, webauthn:extension:credBlob: true, webauthn:extension:largeBlob: true, webauthn:extension:minPinLength: true, webauthn:extension:prf: true, webauthn:virtualAuthenticators: true}
Element: [[ChromeDriver: chrome on windows (8db60d7d90f09fa2b0fb45eba9f25607)] -> xpath: //img[@alt='Athletics Goa']]
Session ID: 8db60d7d90f09fa2b0fb45eba9f25607]]>
            </message>
            <full-stacktrace>
              <![CDATA[org.openqa.selenium.ElementClickInterceptedException: element click intercepted: Element <img src="https://ottimages.b-cdn.net/ottsnap/images/video/drqocYh1d8gkqvQrd1UQ9nzXw4ubrO7G3FOCS98N.jpg?width=250&amp;quality=100" class="img-top" alt="Athletics Goa" style="height: 230px;"> is not clickable at point (175, 234). Other element would receive the click: <ul class="menu-bar-ul">...</ul>
  (Session info: chrome=138.0.7204.169)
Build info: version: '4.33.0', revision: '2c6aaad03a'
System info: os.name: 'Windows 11', os.arch: 'amd64', os.version: '10.0', java.version: '23.0.1'
Driver info: org.openqa.selenium.chrome.ChromeDriver
Command: [8db60d7d90f09fa2b0fb45eba9f25607, clickElement {id=f.91106F57721D0D89530AF9EE3890DEF9.d.A3DA1C0FD12229D9C288DF63E4FA1756.e.66}]
Capabilities {acceptInsecureCerts: false, browserName: chrome, browserVersion: 138.0.7204.169, chrome: {chromedriverVersion: 138.0.7204.183 (e90faf484dd..., userDataDir: C:\Users\Yash\AppData\Local...}, fedcm:accounts: true, goog:chromeOptions: {debuggerAddress: localhost:53380}, networkConnectionEnabled: false, pageLoadStrategy: normal, platformName: windows, proxy: Proxy(), se:cdp: ws://localhost:53380/devtoo..., se:cdpVersion: 138.0.7204.169, setWindowRect: true, strictFileInteractability: false, timeouts: {implicit: 0, pageLoad: 300000, script: 30000}, unhandledPromptBehavior: dismiss and notify, webauthn:extension:credBlob: true, webauthn:extension:largeBlob: true, webauthn:extension:minPinLength: true, webauthn:extension:prf: true, webauthn:virtualAuthenticators: true}
Element: [[ChromeDriver: chrome on windows (8db60d7d90f09fa2b0fb45eba9f25607)] -> xpath: //img[@alt='Athletics Goa']]
Session ID: 8db60d7d90f09fa2b0fb45eba9f25607
at java.base/jdk.internal.reflect.DirectConstructorHandleAccessor.newInstance(DirectConstructorHandleAccessor.java:62)
at java.base/java.lang.reflect.Constructor.newInstanceWithCaller(Constructor.java:501)
at java.base/java.lang.reflect.Constructor.newInstance(Constructor.java:485)
at org.openqa.selenium.remote.ErrorCodec.decode(ErrorCodec.java:167)
at org.openqa.selenium.remote.codec.w3c.W3CHttpResponseCodec.decode(W3CHttpResponseCodec.java:138)
at org.openqa.selenium.remote.codec.w3c.W3CHttpResponseCodec.decode(W3CHttpResponseCodec.java:50)
at org.openqa.selenium.remote.HttpCommandExecutor.execute(HttpCommandExecutor.java:215)
at org.openqa.selenium.remote.service.DriverCommandExecutor.invokeExecute(DriverCommandExecutor.java:216)
at org.openqa.selenium.remote.service.DriverCommandExecutor.execute(DriverCommandExecutor.java:174)
at org.openqa.selenium.remote.RemoteWebDriver.execute(RemoteWebDriver.java:544)
at org.openqa.selenium.remote.RemoteWebElement.execute(RemoteWebElement.java:223)
at org.openqa.selenium.remote.RemoteWebElement.click(RemoteWebElement.java:76)
at Amuzi.WatchList.watchlist(WatchList.java:36)
at java.base/jdk.internal.reflect.DirectMethodHandleAccessor.invoke(DirectMethodHandleAccessor.java:103)
at java.base/java.lang.reflect.Method.invoke(Method.java:580)
at org.testng.internal.invokers.MethodInvocationHelper.invokeMethod(MethodInvocationHelper.java:141)
at org.testng.internal.invokers.TestInvoker.invokeMethod(TestInvoker.java:687)
at org.testng.internal.invokers.TestInvoker.invokeTestMethod(TestInvoker.java:230)
at org.testng.internal.invokers.MethodRunner.runInSequence(MethodRunner.java:63)
at org.testng.internal.invokers.TestInvoker$MethodInvocationAgent.invoke(TestInvoker.java:995)
at org.testng.internal.invokers.TestInvoker.invokeTestMethods(TestInvoker.java:203)
at org.testng.internal.invokers.TestMethodWorker.invokeTestMethods(TestMethodWorker.java:154)
at org.testng.internal.invokers.TestMethodWorker.run(TestMethodWorker.java:134)
at java.base/java.util.concurrent.Executors$RunnableAdapter.call(Executors.java:572)
at java.base/java.util.concurrent.FutureTask.run(FutureTask.java:317)
at org.testng.internal.thread.graph.TestNGFutureTask.run(TestNGFutureTask.java:22)
at java.base/java.util.concurrent.ThreadPoolExecutor.runWorker(ThreadPoolExecutor.java:1144)
at java.base/java.util.concurrent.ThreadPoolExecutor$Worker.run(ThreadPoolExecutor.java:642)
at java.base/java.lang.Thread.run(Thread.java:1575)
]]>
            </full-stacktrace>
          </exception> <!-- org.openqa.selenium.ElementClickInterceptedException -->
          <reporter-output>
          </reporter-output>
        </test-method> <!-- watchlist -->
        <test-method is-config="true" signature="teardown()[pri:0, instance:Amuzi.WatchList@66d18979]" started-at="2025-08-12T16:31:17 IST" name="teardown" finished-at="2025-08-12T16:31:17 IST" duration-ms="452" status="PASS">
          <reporter-output>
          </reporter-output>
        </test-method> <!-- teardown -->
      </class> <!-- Amuzi.WatchList -->
    </test> <!-- Validate User easily addead a video into the watchlist or not -->
  </suite> <!-- Suite -->
</testng-results>
